[2020-06-03 12:07:52,030] {logging_mixin.py:112} INFO - Sending to executor.
[2020-06-03 12:07:52,032] {logging_mixin.py:112} INFO - [2020-06-03 12:07:52,031] {base_executor.py:58} INFO - Adding to queue: ['airflow', 'run', 'example_bash_operator', 'runme_0', '2015-01-01T00:00:00+00:00', '--local', '--pool', 'default_pool', '-sd', '/home/nineleaps/.local/lib/python3.6/site-packages/airflow/example_dags/example_bash_operator.py']
[2020-06-03 12:07:52,032] {logging_mixin.py:112} INFO - [2020-06-03 12:07:52,032] {sequential_executor.py:45} INFO - Executing command: ['airflow', 'run', 'example_bash_operator', 'runme_0', '2015-01-01T00:00:00+00:00', '--local', '--pool', 'default_pool', '-sd', '/home/nineleaps/.local/lib/python3.6/site-packages/airflow/example_dags/example_bash_operator.py']
[2020-06-03 12:07:53,587] {taskinstance.py:669} INFO - Dependencies all met for <TaskInstance: example_bash_operator.runme_0 2015-01-01T00:00:00+00:00 [None]>
[2020-06-03 12:07:53,595] {taskinstance.py:669} INFO - Dependencies all met for <TaskInstance: example_bash_operator.runme_0 2015-01-01T00:00:00+00:00 [None]>
[2020-06-03 12:07:53,595] {taskinstance.py:879} INFO - 
--------------------------------------------------------------------------------
[2020-06-03 12:07:53,595] {taskinstance.py:880} INFO - Starting attempt 1 of 1
[2020-06-03 12:07:53,595] {taskinstance.py:881} INFO - 
--------------------------------------------------------------------------------
[2020-06-03 12:07:53,604] {taskinstance.py:900} INFO - Executing <Task(BashOperator): runme_0> on 2015-01-01T00:00:00+00:00
[2020-06-03 12:07:53,606] {standard_task_runner.py:53} INFO - Started process 2892 to run task
[2020-06-03 12:07:53,640] {logging_mixin.py:112} INFO - Running %s on host %s <TaskInstance: example_bash_operator.runme_0 2015-01-01T00:00:00+00:00 [running]> nineleaps-ThinkPad-L470
[2020-06-03 12:07:53,650] {bash_operator.py:82} INFO - Tmp dir root location: 
 /tmp
[2020-06-03 12:07:53,651] {bash_operator.py:105} INFO - Temporary script location: /tmp/airflowtmpkopf6fmq/runme_034ikprw5
[2020-06-03 12:07:53,651] {bash_operator.py:115} INFO - Running command: echo "example_bash_operator__runme_0__20150101" && sleep 1
[2020-06-03 12:07:53,656] {bash_operator.py:122} INFO - Output:
[2020-06-03 12:07:53,657] {bash_operator.py:126} INFO - example_bash_operator__runme_0__20150101
[2020-06-03 12:07:54,662] {bash_operator.py:130} INFO - Command exited with return code 0
[2020-06-03 12:07:54,685] {taskinstance.py:1065} INFO - Marking task as SUCCESS.dag_id=example_bash_operator, task_id=runme_0, execution_date=20150101T000000, start_date=20200603T063753, end_date=20200603T063754
[2020-06-03 12:08:03,574] {logging_mixin.py:112} INFO - [2020-06-03 12:08:03,574] {local_task_job.py:103} INFO - Task exited with return code 0
