[2020-06-04 16:06:30,576] {scheduler_job.py:154} INFO - Started process (PID=14498) to work on /home/nineleaps/airflow/dags/covid_dag.py
[2020-06-04 16:06:30,584] {scheduler_job.py:1562} INFO - Processing file /home/nineleaps/airflow/dags/covid_dag.py for tasks to queue
[2020-06-04 16:06:30,585] {logging_mixin.py:112} INFO - [2020-06-04 16:06:30,585] {dagbag.py:396} INFO - Filling up the DagBag from /home/nineleaps/airflow/dags/covid_dag.py
[2020-06-04 16:06:30,683] {scheduler_job.py:1574} INFO - DAG(s) dict_keys(['covid_dag']) retrieved from /home/nineleaps/airflow/dags/covid_dag.py
[2020-06-04 16:06:30,719] {scheduler_job.py:1284} INFO - Processing covid_dag
[2020-06-04 16:06:30,738] {scheduler_job.py:447} INFO - Skipping SLA check for <DAG: covid_dag> because no tasks in DAG have SLAs
[2020-06-04 16:06:30,742] {scheduler_job.py:162} INFO - Processing /home/nineleaps/airflow/dags/covid_dag.py took 0.166 seconds
[2020-06-04 16:07:24,646] {scheduler_job.py:154} INFO - Started process (PID=14553) to work on /home/nineleaps/airflow/dags/covid_dag.py
[2020-06-04 16:07:24,655] {scheduler_job.py:1562} INFO - Processing file /home/nineleaps/airflow/dags/covid_dag.py for tasks to queue
[2020-06-04 16:07:24,657] {logging_mixin.py:112} INFO - [2020-06-04 16:07:24,657] {dagbag.py:396} INFO - Filling up the DagBag from /home/nineleaps/airflow/dags/covid_dag.py
[2020-06-04 16:07:24,733] {scheduler_job.py:1574} INFO - DAG(s) dict_keys(['covid_dag']) retrieved from /home/nineleaps/airflow/dags/covid_dag.py
[2020-06-04 16:07:24,761] {scheduler_job.py:1284} INFO - Processing covid_dag
[2020-06-04 16:07:24,775] {scheduler_job.py:447} INFO - Skipping SLA check for <DAG: covid_dag> because no tasks in DAG have SLAs
[2020-06-04 16:07:24,778] {scheduler_job.py:162} INFO - Processing /home/nineleaps/airflow/dags/covid_dag.py took 0.132 seconds
[2020-06-04 16:08:18,695] {scheduler_job.py:154} INFO - Started process (PID=14608) to work on /home/nineleaps/airflow/dags/covid_dag.py
[2020-06-04 16:08:18,699] {scheduler_job.py:1562} INFO - Processing file /home/nineleaps/airflow/dags/covid_dag.py for tasks to queue
[2020-06-04 16:08:18,700] {logging_mixin.py:112} INFO - [2020-06-04 16:08:18,699] {dagbag.py:396} INFO - Filling up the DagBag from /home/nineleaps/airflow/dags/covid_dag.py
[2020-06-04 16:08:18,779] {scheduler_job.py:1574} INFO - DAG(s) dict_keys(['covid_dag']) retrieved from /home/nineleaps/airflow/dags/covid_dag.py
[2020-06-04 16:08:18,808] {scheduler_job.py:1284} INFO - Processing covid_dag
[2020-06-04 16:08:18,822] {scheduler_job.py:447} INFO - Skipping SLA check for <DAG: covid_dag> because no tasks in DAG have SLAs
[2020-06-04 16:08:18,824] {scheduler_job.py:162} INFO - Processing /home/nineleaps/airflow/dags/covid_dag.py took 0.129 seconds
[2020-06-04 16:09:12,761] {scheduler_job.py:154} INFO - Started process (PID=14663) to work on /home/nineleaps/airflow/dags/covid_dag.py
[2020-06-04 16:09:12,762] {scheduler_job.py:1562} INFO - Processing file /home/nineleaps/airflow/dags/covid_dag.py for tasks to queue
[2020-06-04 16:09:12,763] {logging_mixin.py:112} INFO - [2020-06-04 16:09:12,763] {dagbag.py:396} INFO - Filling up the DagBag from /home/nineleaps/airflow/dags/covid_dag.py
[2020-06-04 16:09:12,829] {scheduler_job.py:1574} INFO - DAG(s) dict_keys(['covid_dag']) retrieved from /home/nineleaps/airflow/dags/covid_dag.py
[2020-06-04 16:09:12,857] {scheduler_job.py:1284} INFO - Processing covid_dag
[2020-06-04 16:09:12,882] {scheduler_job.py:447} INFO - Skipping SLA check for <DAG: covid_dag> because no tasks in DAG have SLAs
[2020-06-04 16:09:12,887] {scheduler_job.py:162} INFO - Processing /home/nineleaps/airflow/dags/covid_dag.py took 0.127 seconds
[2020-06-04 16:10:06,855] {scheduler_job.py:154} INFO - Started process (PID=14714) to work on /home/nineleaps/airflow/dags/covid_dag.py
[2020-06-04 16:10:06,860] {scheduler_job.py:1562} INFO - Processing file /home/nineleaps/airflow/dags/covid_dag.py for tasks to queue
[2020-06-04 16:10:06,860] {logging_mixin.py:112} INFO - [2020-06-04 16:10:06,860] {dagbag.py:396} INFO - Filling up the DagBag from /home/nineleaps/airflow/dags/covid_dag.py
[2020-06-04 16:10:06,972] {scheduler_job.py:1574} INFO - DAG(s) dict_keys(['covid_dag']) retrieved from /home/nineleaps/airflow/dags/covid_dag.py
[2020-06-04 16:10:06,996] {scheduler_job.py:1284} INFO - Processing covid_dag
[2020-06-04 16:10:07,008] {scheduler_job.py:447} INFO - Skipping SLA check for <DAG: covid_dag> because no tasks in DAG have SLAs
[2020-06-04 16:10:07,011] {scheduler_job.py:162} INFO - Processing /home/nineleaps/airflow/dags/covid_dag.py took 0.156 seconds
[2020-06-04 16:11:00,903] {scheduler_job.py:154} INFO - Started process (PID=14796) to work on /home/nineleaps/airflow/dags/covid_dag.py
[2020-06-04 16:11:00,906] {scheduler_job.py:1562} INFO - Processing file /home/nineleaps/airflow/dags/covid_dag.py for tasks to queue
[2020-06-04 16:11:00,907] {logging_mixin.py:112} INFO - [2020-06-04 16:11:00,907] {dagbag.py:396} INFO - Filling up the DagBag from /home/nineleaps/airflow/dags/covid_dag.py
[2020-06-04 16:11:00,995] {scheduler_job.py:1574} INFO - DAG(s) dict_keys(['covid_dag']) retrieved from /home/nineleaps/airflow/dags/covid_dag.py
[2020-06-04 16:11:01,013] {scheduler_job.py:1284} INFO - Processing covid_dag
[2020-06-04 16:11:01,024] {scheduler_job.py:447} INFO - Skipping SLA check for <DAG: covid_dag> because no tasks in DAG have SLAs
[2020-06-04 16:11:01,027] {scheduler_job.py:162} INFO - Processing /home/nineleaps/airflow/dags/covid_dag.py took 0.125 seconds
[2020-06-04 16:11:54,971] {scheduler_job.py:154} INFO - Started process (PID=14849) to work on /home/nineleaps/airflow/dags/covid_dag.py
[2020-06-04 16:11:54,982] {scheduler_job.py:1562} INFO - Processing file /home/nineleaps/airflow/dags/covid_dag.py for tasks to queue
[2020-06-04 16:11:54,983] {logging_mixin.py:112} INFO - [2020-06-04 16:11:54,983] {dagbag.py:396} INFO - Filling up the DagBag from /home/nineleaps/airflow/dags/covid_dag.py
[2020-06-04 16:11:55,075] {scheduler_job.py:1574} INFO - DAG(s) dict_keys(['covid_dag']) retrieved from /home/nineleaps/airflow/dags/covid_dag.py
[2020-06-04 16:11:55,098] {scheduler_job.py:1284} INFO - Processing covid_dag
[2020-06-04 16:11:55,110] {scheduler_job.py:447} INFO - Skipping SLA check for <DAG: covid_dag> because no tasks in DAG have SLAs
[2020-06-04 16:11:55,113] {scheduler_job.py:162} INFO - Processing /home/nineleaps/airflow/dags/covid_dag.py took 0.142 seconds
[2020-06-04 16:12:49,038] {scheduler_job.py:154} INFO - Started process (PID=14899) to work on /home/nineleaps/airflow/dags/covid_dag.py
[2020-06-04 16:12:49,043] {scheduler_job.py:1562} INFO - Processing file /home/nineleaps/airflow/dags/covid_dag.py for tasks to queue
[2020-06-04 16:12:49,044] {logging_mixin.py:112} INFO - [2020-06-04 16:12:49,043] {dagbag.py:396} INFO - Filling up the DagBag from /home/nineleaps/airflow/dags/covid_dag.py
[2020-06-04 16:12:49,118] {scheduler_job.py:1574} INFO - DAG(s) dict_keys(['covid_dag']) retrieved from /home/nineleaps/airflow/dags/covid_dag.py
[2020-06-04 16:12:49,148] {scheduler_job.py:1284} INFO - Processing covid_dag
[2020-06-04 16:12:49,163] {scheduler_job.py:447} INFO - Skipping SLA check for <DAG: covid_dag> because no tasks in DAG have SLAs
[2020-06-04 16:12:49,166] {scheduler_job.py:162} INFO - Processing /home/nineleaps/airflow/dags/covid_dag.py took 0.128 seconds
[2020-06-04 16:13:43,112] {scheduler_job.py:154} INFO - Started process (PID=15021) to work on /home/nineleaps/airflow/dags/covid_dag.py
[2020-06-04 16:13:43,118] {scheduler_job.py:1562} INFO - Processing file /home/nineleaps/airflow/dags/covid_dag.py for tasks to queue
[2020-06-04 16:13:43,119] {logging_mixin.py:112} INFO - [2020-06-04 16:13:43,119] {dagbag.py:396} INFO - Filling up the DagBag from /home/nineleaps/airflow/dags/covid_dag.py
[2020-06-04 16:13:43,228] {scheduler_job.py:1574} INFO - DAG(s) dict_keys(['covid_dag']) retrieved from /home/nineleaps/airflow/dags/covid_dag.py
[2020-06-04 16:13:43,265] {scheduler_job.py:1284} INFO - Processing covid_dag
[2020-06-04 16:13:43,287] {scheduler_job.py:447} INFO - Skipping SLA check for <DAG: covid_dag> because no tasks in DAG have SLAs
[2020-06-04 16:13:43,290] {scheduler_job.py:162} INFO - Processing /home/nineleaps/airflow/dags/covid_dag.py took 0.178 seconds
[2020-06-04 16:14:37,172] {scheduler_job.py:154} INFO - Started process (PID=15068) to work on /home/nineleaps/airflow/dags/covid_dag.py
[2020-06-04 16:14:37,181] {scheduler_job.py:1562} INFO - Processing file /home/nineleaps/airflow/dags/covid_dag.py for tasks to queue
[2020-06-04 16:14:37,182] {logging_mixin.py:112} INFO - [2020-06-04 16:14:37,182] {dagbag.py:396} INFO - Filling up the DagBag from /home/nineleaps/airflow/dags/covid_dag.py
[2020-06-04 16:14:37,259] {scheduler_job.py:1574} INFO - DAG(s) dict_keys(['covid_dag']) retrieved from /home/nineleaps/airflow/dags/covid_dag.py
[2020-06-04 16:14:37,281] {scheduler_job.py:1284} INFO - Processing covid_dag
[2020-06-04 16:14:37,293] {scheduler_job.py:447} INFO - Skipping SLA check for <DAG: covid_dag> because no tasks in DAG have SLAs
[2020-06-04 16:14:37,296] {scheduler_job.py:162} INFO - Processing /home/nineleaps/airflow/dags/covid_dag.py took 0.124 seconds
[2020-06-04 16:15:31,224] {scheduler_job.py:154} INFO - Started process (PID=15110) to work on /home/nineleaps/airflow/dags/covid_dag.py
[2020-06-04 16:15:31,227] {scheduler_job.py:1562} INFO - Processing file /home/nineleaps/airflow/dags/covid_dag.py for tasks to queue
[2020-06-04 16:15:31,228] {logging_mixin.py:112} INFO - [2020-06-04 16:15:31,228] {dagbag.py:396} INFO - Filling up the DagBag from /home/nineleaps/airflow/dags/covid_dag.py
[2020-06-04 16:15:31,307] {scheduler_job.py:1574} INFO - DAG(s) dict_keys(['covid_dag']) retrieved from /home/nineleaps/airflow/dags/covid_dag.py
[2020-06-04 16:15:31,331] {scheduler_job.py:1284} INFO - Processing covid_dag
[2020-06-04 16:15:31,343] {scheduler_job.py:447} INFO - Skipping SLA check for <DAG: covid_dag> because no tasks in DAG have SLAs
[2020-06-04 16:15:31,346] {scheduler_job.py:162} INFO - Processing /home/nineleaps/airflow/dags/covid_dag.py took 0.122 seconds
[2020-06-04 16:16:25,319] {scheduler_job.py:154} INFO - Started process (PID=15157) to work on /home/nineleaps/airflow/dags/covid_dag.py
[2020-06-04 16:16:25,332] {scheduler_job.py:1562} INFO - Processing file /home/nineleaps/airflow/dags/covid_dag.py for tasks to queue
[2020-06-04 16:16:25,333] {logging_mixin.py:112} INFO - [2020-06-04 16:16:25,333] {dagbag.py:396} INFO - Filling up the DagBag from /home/nineleaps/airflow/dags/covid_dag.py
[2020-06-04 16:16:25,417] {scheduler_job.py:1574} INFO - DAG(s) dict_keys(['covid_dag']) retrieved from /home/nineleaps/airflow/dags/covid_dag.py
[2020-06-04 16:16:25,450] {scheduler_job.py:1284} INFO - Processing covid_dag
[2020-06-04 16:16:25,464] {scheduler_job.py:447} INFO - Skipping SLA check for <DAG: covid_dag> because no tasks in DAG have SLAs
[2020-06-04 16:16:25,467] {scheduler_job.py:162} INFO - Processing /home/nineleaps/airflow/dags/covid_dag.py took 0.149 seconds
[2020-06-04 16:17:19,393] {scheduler_job.py:154} INFO - Started process (PID=15210) to work on /home/nineleaps/airflow/dags/covid_dag.py
[2020-06-04 16:17:19,403] {scheduler_job.py:1562} INFO - Processing file /home/nineleaps/airflow/dags/covid_dag.py for tasks to queue
[2020-06-04 16:17:19,405] {logging_mixin.py:112} INFO - [2020-06-04 16:17:19,404] {dagbag.py:396} INFO - Filling up the DagBag from /home/nineleaps/airflow/dags/covid_dag.py
[2020-06-04 16:17:19,492] {scheduler_job.py:1574} INFO - DAG(s) dict_keys(['covid_dag']) retrieved from /home/nineleaps/airflow/dags/covid_dag.py
[2020-06-04 16:17:19,523] {scheduler_job.py:1284} INFO - Processing covid_dag
[2020-06-04 16:17:19,538] {scheduler_job.py:447} INFO - Skipping SLA check for <DAG: covid_dag> because no tasks in DAG have SLAs
[2020-06-04 16:17:19,541] {scheduler_job.py:162} INFO - Processing /home/nineleaps/airflow/dags/covid_dag.py took 0.147 seconds
[2020-06-04 16:18:13,449] {scheduler_job.py:154} INFO - Started process (PID=15252) to work on /home/nineleaps/airflow/dags/covid_dag.py
[2020-06-04 16:18:13,452] {scheduler_job.py:1562} INFO - Processing file /home/nineleaps/airflow/dags/covid_dag.py for tasks to queue
[2020-06-04 16:18:13,453] {logging_mixin.py:112} INFO - [2020-06-04 16:18:13,453] {dagbag.py:396} INFO - Filling up the DagBag from /home/nineleaps/airflow/dags/covid_dag.py
[2020-06-04 16:18:13,527] {scheduler_job.py:1574} INFO - DAG(s) dict_keys(['covid_dag']) retrieved from /home/nineleaps/airflow/dags/covid_dag.py
[2020-06-04 16:18:13,550] {scheduler_job.py:1284} INFO - Processing covid_dag
[2020-06-04 16:18:13,562] {scheduler_job.py:447} INFO - Skipping SLA check for <DAG: covid_dag> because no tasks in DAG have SLAs
[2020-06-04 16:18:13,565] {scheduler_job.py:162} INFO - Processing /home/nineleaps/airflow/dags/covid_dag.py took 0.116 seconds
[2020-06-04 16:19:07,528] {scheduler_job.py:154} INFO - Started process (PID=15309) to work on /home/nineleaps/airflow/dags/covid_dag.py
[2020-06-04 16:19:07,532] {scheduler_job.py:1562} INFO - Processing file /home/nineleaps/airflow/dags/covid_dag.py for tasks to queue
[2020-06-04 16:19:07,532] {logging_mixin.py:112} INFO - [2020-06-04 16:19:07,532] {dagbag.py:396} INFO - Filling up the DagBag from /home/nineleaps/airflow/dags/covid_dag.py
[2020-06-04 16:19:07,602] {scheduler_job.py:1574} INFO - DAG(s) dict_keys(['covid_dag']) retrieved from /home/nineleaps/airflow/dags/covid_dag.py
[2020-06-04 16:19:07,630] {scheduler_job.py:1284} INFO - Processing covid_dag
[2020-06-04 16:19:07,654] {scheduler_job.py:447} INFO - Skipping SLA check for <DAG: covid_dag> because no tasks in DAG have SLAs
[2020-06-04 16:19:07,659] {scheduler_job.py:162} INFO - Processing /home/nineleaps/airflow/dags/covid_dag.py took 0.132 seconds
[2020-06-04 16:20:01,570] {scheduler_job.py:154} INFO - Started process (PID=15374) to work on /home/nineleaps/airflow/dags/covid_dag.py
[2020-06-04 16:20:01,572] {scheduler_job.py:1562} INFO - Processing file /home/nineleaps/airflow/dags/covid_dag.py for tasks to queue
[2020-06-04 16:20:01,572] {logging_mixin.py:112} INFO - [2020-06-04 16:20:01,572] {dagbag.py:396} INFO - Filling up the DagBag from /home/nineleaps/airflow/dags/covid_dag.py
[2020-06-04 16:20:01,652] {scheduler_job.py:1574} INFO - DAG(s) dict_keys(['covid_dag']) retrieved from /home/nineleaps/airflow/dags/covid_dag.py
[2020-06-04 16:20:01,670] {scheduler_job.py:1284} INFO - Processing covid_dag
[2020-06-04 16:20:01,683] {scheduler_job.py:447} INFO - Skipping SLA check for <DAG: covid_dag> because no tasks in DAG have SLAs
[2020-06-04 16:20:01,686] {scheduler_job.py:162} INFO - Processing /home/nineleaps/airflow/dags/covid_dag.py took 0.116 seconds
[2020-06-04 16:20:55,642] {scheduler_job.py:154} INFO - Started process (PID=15601) to work on /home/nineleaps/airflow/dags/covid_dag.py
[2020-06-04 16:20:55,647] {scheduler_job.py:1562} INFO - Processing file /home/nineleaps/airflow/dags/covid_dag.py for tasks to queue
[2020-06-04 16:20:55,647] {logging_mixin.py:112} INFO - [2020-06-04 16:20:55,647] {dagbag.py:396} INFO - Filling up the DagBag from /home/nineleaps/airflow/dags/covid_dag.py
[2020-06-04 16:20:55,719] {scheduler_job.py:1574} INFO - DAG(s) dict_keys(['covid_dag']) retrieved from /home/nineleaps/airflow/dags/covid_dag.py
[2020-06-04 16:20:55,752] {scheduler_job.py:1284} INFO - Processing covid_dag
[2020-06-04 16:20:55,766] {scheduler_job.py:447} INFO - Skipping SLA check for <DAG: covid_dag> because no tasks in DAG have SLAs
[2020-06-04 16:20:55,769] {scheduler_job.py:162} INFO - Processing /home/nineleaps/airflow/dags/covid_dag.py took 0.127 seconds
[2020-06-04 16:21:49,721] {scheduler_job.py:154} INFO - Started process (PID=15693) to work on /home/nineleaps/airflow/dags/covid_dag.py
[2020-06-04 16:21:49,733] {scheduler_job.py:1562} INFO - Processing file /home/nineleaps/airflow/dags/covid_dag.py for tasks to queue
[2020-06-04 16:21:49,734] {logging_mixin.py:112} INFO - [2020-06-04 16:21:49,734] {dagbag.py:396} INFO - Filling up the DagBag from /home/nineleaps/airflow/dags/covid_dag.py
[2020-06-04 16:21:49,816] {scheduler_job.py:1574} INFO - DAG(s) dict_keys(['covid_dag']) retrieved from /home/nineleaps/airflow/dags/covid_dag.py
[2020-06-04 16:21:49,836] {scheduler_job.py:1284} INFO - Processing covid_dag
[2020-06-04 16:21:49,848] {scheduler_job.py:447} INFO - Skipping SLA check for <DAG: covid_dag> because no tasks in DAG have SLAs
[2020-06-04 16:21:49,850] {scheduler_job.py:162} INFO - Processing /home/nineleaps/airflow/dags/covid_dag.py took 0.130 seconds
[2020-06-04 16:22:43,791] {scheduler_job.py:154} INFO - Started process (PID=15769) to work on /home/nineleaps/airflow/dags/covid_dag.py
[2020-06-04 16:22:43,804] {scheduler_job.py:1562} INFO - Processing file /home/nineleaps/airflow/dags/covid_dag.py for tasks to queue
[2020-06-04 16:22:43,806] {logging_mixin.py:112} INFO - [2020-06-04 16:22:43,806] {dagbag.py:396} INFO - Filling up the DagBag from /home/nineleaps/airflow/dags/covid_dag.py
[2020-06-04 16:22:43,966] {scheduler_job.py:1574} INFO - DAG(s) dict_keys(['covid_dag']) retrieved from /home/nineleaps/airflow/dags/covid_dag.py
[2020-06-04 16:22:44,001] {scheduler_job.py:1284} INFO - Processing covid_dag
[2020-06-04 16:22:44,025] {scheduler_job.py:447} INFO - Skipping SLA check for <DAG: covid_dag> because no tasks in DAG have SLAs
[2020-06-04 16:22:44,028] {scheduler_job.py:162} INFO - Processing /home/nineleaps/airflow/dags/covid_dag.py took 0.237 seconds
[2020-06-04 16:23:37,858] {scheduler_job.py:154} INFO - Started process (PID=15822) to work on /home/nineleaps/airflow/dags/covid_dag.py
[2020-06-04 16:23:37,875] {scheduler_job.py:1562} INFO - Processing file /home/nineleaps/airflow/dags/covid_dag.py for tasks to queue
[2020-06-04 16:23:37,877] {logging_mixin.py:112} INFO - [2020-06-04 16:23:37,876] {dagbag.py:396} INFO - Filling up the DagBag from /home/nineleaps/airflow/dags/covid_dag.py
[2020-06-04 16:23:38,000] {scheduler_job.py:1574} INFO - DAG(s) dict_keys(['covid_dag']) retrieved from /home/nineleaps/airflow/dags/covid_dag.py
[2020-06-04 16:23:38,019] {scheduler_job.py:1284} INFO - Processing covid_dag
[2020-06-04 16:23:38,033] {scheduler_job.py:447} INFO - Skipping SLA check for <DAG: covid_dag> because no tasks in DAG have SLAs
[2020-06-04 16:23:38,036] {scheduler_job.py:162} INFO - Processing /home/nineleaps/airflow/dags/covid_dag.py took 0.178 seconds
[2020-06-04 16:24:31,928] {scheduler_job.py:154} INFO - Started process (PID=15878) to work on /home/nineleaps/airflow/dags/covid_dag.py
[2020-06-04 16:24:31,944] {scheduler_job.py:1562} INFO - Processing file /home/nineleaps/airflow/dags/covid_dag.py for tasks to queue
[2020-06-04 16:24:31,946] {logging_mixin.py:112} INFO - [2020-06-04 16:24:31,946] {dagbag.py:396} INFO - Filling up the DagBag from /home/nineleaps/airflow/dags/covid_dag.py
[2020-06-04 16:24:32,075] {scheduler_job.py:1574} INFO - DAG(s) dict_keys(['covid_dag']) retrieved from /home/nineleaps/airflow/dags/covid_dag.py
[2020-06-04 16:24:32,092] {scheduler_job.py:1284} INFO - Processing covid_dag
[2020-06-04 16:24:32,105] {scheduler_job.py:447} INFO - Skipping SLA check for <DAG: covid_dag> because no tasks in DAG have SLAs
[2020-06-04 16:24:32,107] {scheduler_job.py:162} INFO - Processing /home/nineleaps/airflow/dags/covid_dag.py took 0.180 seconds
[2020-06-04 16:25:25,944] {scheduler_job.py:154} INFO - Started process (PID=15933) to work on /home/nineleaps/airflow/dags/covid_dag.py
[2020-06-04 16:25:25,948] {scheduler_job.py:1562} INFO - Processing file /home/nineleaps/airflow/dags/covid_dag.py for tasks to queue
[2020-06-04 16:25:25,948] {logging_mixin.py:112} INFO - [2020-06-04 16:25:25,948] {dagbag.py:396} INFO - Filling up the DagBag from /home/nineleaps/airflow/dags/covid_dag.py
[2020-06-04 16:25:26,038] {scheduler_job.py:1574} INFO - DAG(s) dict_keys(['covid_dag']) retrieved from /home/nineleaps/airflow/dags/covid_dag.py
[2020-06-04 16:25:26,055] {scheduler_job.py:1284} INFO - Processing covid_dag
[2020-06-04 16:25:26,067] {scheduler_job.py:447} INFO - Skipping SLA check for <DAG: covid_dag> because no tasks in DAG have SLAs
[2020-06-04 16:25:26,070] {scheduler_job.py:162} INFO - Processing /home/nineleaps/airflow/dags/covid_dag.py took 0.126 seconds
[2020-06-04 16:26:20,030] {scheduler_job.py:154} INFO - Started process (PID=15983) to work on /home/nineleaps/airflow/dags/covid_dag.py
[2020-06-04 16:26:20,040] {scheduler_job.py:1562} INFO - Processing file /home/nineleaps/airflow/dags/covid_dag.py for tasks to queue
[2020-06-04 16:26:20,042] {logging_mixin.py:112} INFO - [2020-06-04 16:26:20,041] {dagbag.py:396} INFO - Filling up the DagBag from /home/nineleaps/airflow/dags/covid_dag.py
[2020-06-04 16:26:20,162] {scheduler_job.py:1574} INFO - DAG(s) dict_keys(['covid_dag']) retrieved from /home/nineleaps/airflow/dags/covid_dag.py
[2020-06-04 16:26:20,186] {scheduler_job.py:1284} INFO - Processing covid_dag
[2020-06-04 16:26:20,198] {scheduler_job.py:447} INFO - Skipping SLA check for <DAG: covid_dag> because no tasks in DAG have SLAs
[2020-06-04 16:26:20,201] {scheduler_job.py:162} INFO - Processing /home/nineleaps/airflow/dags/covid_dag.py took 0.171 seconds
[2020-06-04 16:27:14,094] {scheduler_job.py:154} INFO - Started process (PID=16046) to work on /home/nineleaps/airflow/dags/covid_dag.py
[2020-06-04 16:27:14,103] {scheduler_job.py:1562} INFO - Processing file /home/nineleaps/airflow/dags/covid_dag.py for tasks to queue
[2020-06-04 16:27:14,103] {logging_mixin.py:112} INFO - [2020-06-04 16:27:14,103] {dagbag.py:396} INFO - Filling up the DagBag from /home/nineleaps/airflow/dags/covid_dag.py
[2020-06-04 16:27:14,176] {scheduler_job.py:1574} INFO - DAG(s) dict_keys(['covid_dag']) retrieved from /home/nineleaps/airflow/dags/covid_dag.py
[2020-06-04 16:27:14,206] {scheduler_job.py:1284} INFO - Processing covid_dag
[2020-06-04 16:27:14,227] {scheduler_job.py:447} INFO - Skipping SLA check for <DAG: covid_dag> because no tasks in DAG have SLAs
[2020-06-04 16:27:14,230] {scheduler_job.py:162} INFO - Processing /home/nineleaps/airflow/dags/covid_dag.py took 0.136 seconds
[2020-06-04 16:28:08,162] {scheduler_job.py:154} INFO - Started process (PID=16100) to work on /home/nineleaps/airflow/dags/covid_dag.py
[2020-06-04 16:28:08,172] {scheduler_job.py:1562} INFO - Processing file /home/nineleaps/airflow/dags/covid_dag.py for tasks to queue
[2020-06-04 16:28:08,174] {logging_mixin.py:112} INFO - [2020-06-04 16:28:08,173] {dagbag.py:396} INFO - Filling up the DagBag from /home/nineleaps/airflow/dags/covid_dag.py
[2020-06-04 16:28:08,264] {scheduler_job.py:1574} INFO - DAG(s) dict_keys(['covid_dag']) retrieved from /home/nineleaps/airflow/dags/covid_dag.py
[2020-06-04 16:28:08,286] {scheduler_job.py:1284} INFO - Processing covid_dag
[2020-06-04 16:28:08,298] {scheduler_job.py:447} INFO - Skipping SLA check for <DAG: covid_dag> because no tasks in DAG have SLAs
[2020-06-04 16:28:08,301] {scheduler_job.py:162} INFO - Processing /home/nineleaps/airflow/dags/covid_dag.py took 0.139 seconds
[2020-06-04 16:29:02,229] {scheduler_job.py:154} INFO - Started process (PID=16151) to work on /home/nineleaps/airflow/dags/covid_dag.py
[2020-06-04 16:29:02,238] {scheduler_job.py:1562} INFO - Processing file /home/nineleaps/airflow/dags/covid_dag.py for tasks to queue
[2020-06-04 16:29:02,240] {logging_mixin.py:112} INFO - [2020-06-04 16:29:02,240] {dagbag.py:396} INFO - Filling up the DagBag from /home/nineleaps/airflow/dags/covid_dag.py
[2020-06-04 16:29:02,357] {scheduler_job.py:1574} INFO - DAG(s) dict_keys(['covid_dag']) retrieved from /home/nineleaps/airflow/dags/covid_dag.py
[2020-06-04 16:29:02,380] {scheduler_job.py:1284} INFO - Processing covid_dag
[2020-06-04 16:29:02,393] {scheduler_job.py:447} INFO - Skipping SLA check for <DAG: covid_dag> because no tasks in DAG have SLAs
[2020-06-04 16:29:02,395] {scheduler_job.py:162} INFO - Processing /home/nineleaps/airflow/dags/covid_dag.py took 0.166 seconds
[2020-06-04 16:29:56,305] {scheduler_job.py:154} INFO - Started process (PID=16214) to work on /home/nineleaps/airflow/dags/covid_dag.py
[2020-06-04 16:29:56,314] {scheduler_job.py:1562} INFO - Processing file /home/nineleaps/airflow/dags/covid_dag.py for tasks to queue
[2020-06-04 16:29:56,316] {logging_mixin.py:112} INFO - [2020-06-04 16:29:56,316] {dagbag.py:396} INFO - Filling up the DagBag from /home/nineleaps/airflow/dags/covid_dag.py
[2020-06-04 16:29:56,414] {scheduler_job.py:1574} INFO - DAG(s) dict_keys(['covid_dag']) retrieved from /home/nineleaps/airflow/dags/covid_dag.py
[2020-06-04 16:29:56,431] {scheduler_job.py:1284} INFO - Processing covid_dag
[2020-06-04 16:29:56,443] {scheduler_job.py:447} INFO - Skipping SLA check for <DAG: covid_dag> because no tasks in DAG have SLAs
[2020-06-04 16:29:56,446] {scheduler_job.py:162} INFO - Processing /home/nineleaps/airflow/dags/covid_dag.py took 0.141 seconds
[2020-06-04 16:30:50,384] {scheduler_job.py:154} INFO - Started process (PID=16272) to work on /home/nineleaps/airflow/dags/covid_dag.py
[2020-06-04 16:30:50,393] {scheduler_job.py:1562} INFO - Processing file /home/nineleaps/airflow/dags/covid_dag.py for tasks to queue
[2020-06-04 16:30:50,396] {logging_mixin.py:112} INFO - [2020-06-04 16:30:50,395] {dagbag.py:396} INFO - Filling up the DagBag from /home/nineleaps/airflow/dags/covid_dag.py
[2020-06-04 16:30:50,514] {scheduler_job.py:1574} INFO - DAG(s) dict_keys(['covid_dag']) retrieved from /home/nineleaps/airflow/dags/covid_dag.py
[2020-06-04 16:30:50,543] {scheduler_job.py:1284} INFO - Processing covid_dag
[2020-06-04 16:30:50,564] {scheduler_job.py:447} INFO - Skipping SLA check for <DAG: covid_dag> because no tasks in DAG have SLAs
[2020-06-04 16:30:50,568] {scheduler_job.py:162} INFO - Processing /home/nineleaps/airflow/dags/covid_dag.py took 0.185 seconds
[2020-06-04 16:31:44,454] {scheduler_job.py:154} INFO - Started process (PID=16340) to work on /home/nineleaps/airflow/dags/covid_dag.py
[2020-06-04 16:31:44,462] {scheduler_job.py:1562} INFO - Processing file /home/nineleaps/airflow/dags/covid_dag.py for tasks to queue
[2020-06-04 16:31:44,463] {logging_mixin.py:112} INFO - [2020-06-04 16:31:44,462] {dagbag.py:396} INFO - Filling up the DagBag from /home/nineleaps/airflow/dags/covid_dag.py
[2020-06-04 16:31:44,568] {scheduler_job.py:1574} INFO - DAG(s) dict_keys(['covid_dag']) retrieved from /home/nineleaps/airflow/dags/covid_dag.py
[2020-06-04 16:31:44,591] {scheduler_job.py:1284} INFO - Processing covid_dag
[2020-06-04 16:31:44,603] {scheduler_job.py:447} INFO - Skipping SLA check for <DAG: covid_dag> because no tasks in DAG have SLAs
[2020-06-04 16:31:44,605] {scheduler_job.py:162} INFO - Processing /home/nineleaps/airflow/dags/covid_dag.py took 0.152 seconds
[2020-06-04 16:32:38,498] {scheduler_job.py:154} INFO - Started process (PID=16405) to work on /home/nineleaps/airflow/dags/covid_dag.py
[2020-06-04 16:32:38,501] {scheduler_job.py:1562} INFO - Processing file /home/nineleaps/airflow/dags/covid_dag.py for tasks to queue
[2020-06-04 16:32:38,501] {logging_mixin.py:112} INFO - [2020-06-04 16:32:38,501] {dagbag.py:396} INFO - Filling up the DagBag from /home/nineleaps/airflow/dags/covid_dag.py
[2020-06-04 16:32:38,571] {scheduler_job.py:1574} INFO - DAG(s) dict_keys(['covid_dag']) retrieved from /home/nineleaps/airflow/dags/covid_dag.py
[2020-06-04 16:32:38,601] {scheduler_job.py:1284} INFO - Processing covid_dag
[2020-06-04 16:32:38,614] {scheduler_job.py:447} INFO - Skipping SLA check for <DAG: covid_dag> because no tasks in DAG have SLAs
[2020-06-04 16:32:38,618] {scheduler_job.py:162} INFO - Processing /home/nineleaps/airflow/dags/covid_dag.py took 0.120 seconds
[2020-06-04 16:33:32,580] {scheduler_job.py:154} INFO - Started process (PID=16462) to work on /home/nineleaps/airflow/dags/covid_dag.py
[2020-06-04 16:33:32,583] {scheduler_job.py:1562} INFO - Processing file /home/nineleaps/airflow/dags/covid_dag.py for tasks to queue
[2020-06-04 16:33:32,583] {logging_mixin.py:112} INFO - [2020-06-04 16:33:32,583] {dagbag.py:396} INFO - Filling up the DagBag from /home/nineleaps/airflow/dags/covid_dag.py
[2020-06-04 16:33:32,665] {scheduler_job.py:1574} INFO - DAG(s) dict_keys(['covid_dag']) retrieved from /home/nineleaps/airflow/dags/covid_dag.py
[2020-06-04 16:33:32,683] {scheduler_job.py:1284} INFO - Processing covid_dag
[2020-06-04 16:33:32,695] {scheduler_job.py:447} INFO - Skipping SLA check for <DAG: covid_dag> because no tasks in DAG have SLAs
[2020-06-04 16:33:32,697] {scheduler_job.py:162} INFO - Processing /home/nineleaps/airflow/dags/covid_dag.py took 0.118 seconds
[2020-06-04 16:34:26,636] {scheduler_job.py:154} INFO - Started process (PID=16520) to work on /home/nineleaps/airflow/dags/covid_dag.py
[2020-06-04 16:34:26,638] {scheduler_job.py:1562} INFO - Processing file /home/nineleaps/airflow/dags/covid_dag.py for tasks to queue
[2020-06-04 16:34:26,639] {logging_mixin.py:112} INFO - [2020-06-04 16:34:26,638] {dagbag.py:396} INFO - Filling up the DagBag from /home/nineleaps/airflow/dags/covid_dag.py
[2020-06-04 16:34:26,720] {scheduler_job.py:1574} INFO - DAG(s) dict_keys(['covid_dag']) retrieved from /home/nineleaps/airflow/dags/covid_dag.py
[2020-06-04 16:34:26,769] {scheduler_job.py:1284} INFO - Processing covid_dag
[2020-06-04 16:34:26,790] {scheduler_job.py:447} INFO - Skipping SLA check for <DAG: covid_dag> because no tasks in DAG have SLAs
[2020-06-04 16:34:26,795] {scheduler_job.py:162} INFO - Processing /home/nineleaps/airflow/dags/covid_dag.py took 0.159 seconds
[2020-06-04 16:35:20,725] {scheduler_job.py:154} INFO - Started process (PID=16568) to work on /home/nineleaps/airflow/dags/covid_dag.py
[2020-06-04 16:35:20,734] {scheduler_job.py:1562} INFO - Processing file /home/nineleaps/airflow/dags/covid_dag.py for tasks to queue
[2020-06-04 16:35:20,736] {logging_mixin.py:112} INFO - [2020-06-04 16:35:20,736] {dagbag.py:396} INFO - Filling up the DagBag from /home/nineleaps/airflow/dags/covid_dag.py
[2020-06-04 16:35:20,848] {scheduler_job.py:1574} INFO - DAG(s) dict_keys(['covid_dag']) retrieved from /home/nineleaps/airflow/dags/covid_dag.py
[2020-06-04 16:35:20,877] {scheduler_job.py:1284} INFO - Processing covid_dag
[2020-06-04 16:35:20,902] {scheduler_job.py:447} INFO - Skipping SLA check for <DAG: covid_dag> because no tasks in DAG have SLAs
[2020-06-04 16:35:20,907] {scheduler_job.py:162} INFO - Processing /home/nineleaps/airflow/dags/covid_dag.py took 0.182 seconds
[2020-06-04 16:36:14,770] {scheduler_job.py:154} INFO - Started process (PID=16656) to work on /home/nineleaps/airflow/dags/covid_dag.py
[2020-06-04 16:36:14,771] {scheduler_job.py:1562} INFO - Processing file /home/nineleaps/airflow/dags/covid_dag.py for tasks to queue
[2020-06-04 16:36:14,772] {logging_mixin.py:112} INFO - [2020-06-04 16:36:14,772] {dagbag.py:396} INFO - Filling up the DagBag from /home/nineleaps/airflow/dags/covid_dag.py
[2020-06-04 16:36:14,843] {scheduler_job.py:1574} INFO - DAG(s) dict_keys(['covid_dag']) retrieved from /home/nineleaps/airflow/dags/covid_dag.py
[2020-06-04 16:36:14,884] {scheduler_job.py:1284} INFO - Processing covid_dag
[2020-06-04 16:36:14,910] {scheduler_job.py:447} INFO - Skipping SLA check for <DAG: covid_dag> because no tasks in DAG have SLAs
[2020-06-04 16:36:14,914] {scheduler_job.py:162} INFO - Processing /home/nineleaps/airflow/dags/covid_dag.py took 0.145 seconds
[2020-06-04 16:37:06,855] {scheduler_job.py:154} INFO - Started process (PID=16727) to work on /home/nineleaps/airflow/dags/covid_dag.py
[2020-06-04 16:37:06,860] {scheduler_job.py:1562} INFO - Processing file /home/nineleaps/airflow/dags/covid_dag.py for tasks to queue
[2020-06-04 16:37:06,861] {logging_mixin.py:112} INFO - [2020-06-04 16:37:06,860] {dagbag.py:396} INFO - Filling up the DagBag from /home/nineleaps/airflow/dags/covid_dag.py
[2020-06-04 16:37:07,009] {scheduler_job.py:1574} INFO - DAG(s) dict_keys(['covid_dag']) retrieved from /home/nineleaps/airflow/dags/covid_dag.py
[2020-06-04 16:37:07,039] {scheduler_job.py:1284} INFO - Processing covid_dag
[2020-06-04 16:37:07,050] {scheduler_job.py:447} INFO - Skipping SLA check for <DAG: covid_dag> because no tasks in DAG have SLAs
[2020-06-04 16:37:07,053] {scheduler_job.py:162} INFO - Processing /home/nineleaps/airflow/dags/covid_dag.py took 0.198 seconds
[2020-06-04 16:38:13,382] {scheduler_job.py:154} INFO - Started process (PID=16823) to work on /home/nineleaps/airflow/dags/covid_dag.py
[2020-06-04 16:38:13,392] {scheduler_job.py:1562} INFO - Processing file /home/nineleaps/airflow/dags/covid_dag.py for tasks to queue
[2020-06-04 16:38:13,393] {logging_mixin.py:112} INFO - [2020-06-04 16:38:13,393] {dagbag.py:396} INFO - Filling up the DagBag from /home/nineleaps/airflow/dags/covid_dag.py
[2020-06-04 16:38:13,476] {scheduler_job.py:1574} INFO - DAG(s) dict_keys(['covid_dag']) retrieved from /home/nineleaps/airflow/dags/covid_dag.py
[2020-06-04 16:38:13,502] {scheduler_job.py:1284} INFO - Processing covid_dag
[2020-06-04 16:38:13,517] {scheduler_job.py:447} INFO - Skipping SLA check for <DAG: covid_dag> because no tasks in DAG have SLAs
[2020-06-04 16:38:13,520] {scheduler_job.py:162} INFO - Processing /home/nineleaps/airflow/dags/covid_dag.py took 0.137 seconds
[2020-06-04 16:39:18,685] {scheduler_job.py:154} INFO - Started process (PID=16907) to work on /home/nineleaps/airflow/dags/covid_dag.py
[2020-06-04 16:39:18,698] {scheduler_job.py:1562} INFO - Processing file /home/nineleaps/airflow/dags/covid_dag.py for tasks to queue
[2020-06-04 16:39:18,700] {logging_mixin.py:112} INFO - [2020-06-04 16:39:18,699] {dagbag.py:396} INFO - Filling up the DagBag from /home/nineleaps/airflow/dags/covid_dag.py
[2020-06-04 16:39:18,836] {scheduler_job.py:1574} INFO - DAG(s) dict_keys(['covid_dag']) retrieved from /home/nineleaps/airflow/dags/covid_dag.py
[2020-06-04 16:39:18,872] {scheduler_job.py:1284} INFO - Processing covid_dag
[2020-06-04 16:39:18,901] {scheduler_job.py:447} INFO - Skipping SLA check for <DAG: covid_dag> because no tasks in DAG have SLAs
[2020-06-04 16:39:18,906] {scheduler_job.py:162} INFO - Processing /home/nineleaps/airflow/dags/covid_dag.py took 0.221 seconds
[2020-06-04 16:40:12,758] {scheduler_job.py:154} INFO - Started process (PID=16989) to work on /home/nineleaps/airflow/dags/covid_dag.py
[2020-06-04 16:40:12,761] {scheduler_job.py:1562} INFO - Processing file /home/nineleaps/airflow/dags/covid_dag.py for tasks to queue
[2020-06-04 16:40:12,762] {logging_mixin.py:112} INFO - [2020-06-04 16:40:12,762] {dagbag.py:396} INFO - Filling up the DagBag from /home/nineleaps/airflow/dags/covid_dag.py
[2020-06-04 16:40:12,834] {scheduler_job.py:1574} INFO - DAG(s) dict_keys(['covid_dag']) retrieved from /home/nineleaps/airflow/dags/covid_dag.py
[2020-06-04 16:40:12,858] {scheduler_job.py:1284} INFO - Processing covid_dag
[2020-06-04 16:40:12,884] {scheduler_job.py:447} INFO - Skipping SLA check for <DAG: covid_dag> because no tasks in DAG have SLAs
[2020-06-04 16:40:12,891] {scheduler_job.py:162} INFO - Processing /home/nineleaps/airflow/dags/covid_dag.py took 0.133 seconds
[2020-06-04 16:41:06,791] {scheduler_job.py:154} INFO - Started process (PID=17173) to work on /home/nineleaps/airflow/dags/covid_dag.py
[2020-06-04 16:41:06,795] {scheduler_job.py:1562} INFO - Processing file /home/nineleaps/airflow/dags/covid_dag.py for tasks to queue
[2020-06-04 16:41:06,796] {logging_mixin.py:112} INFO - [2020-06-04 16:41:06,796] {dagbag.py:396} INFO - Filling up the DagBag from /home/nineleaps/airflow/dags/covid_dag.py
[2020-06-04 16:41:06,914] {scheduler_job.py:1574} INFO - DAG(s) dict_keys(['covid_dag']) retrieved from /home/nineleaps/airflow/dags/covid_dag.py
[2020-06-04 16:41:06,951] {scheduler_job.py:1284} INFO - Processing covid_dag
[2020-06-04 16:41:06,978] {scheduler_job.py:447} INFO - Skipping SLA check for <DAG: covid_dag> because no tasks in DAG have SLAs
[2020-06-04 16:41:06,984] {scheduler_job.py:162} INFO - Processing /home/nineleaps/airflow/dags/covid_dag.py took 0.193 seconds
[2020-06-04 16:42:00,862] {scheduler_job.py:154} INFO - Started process (PID=17241) to work on /home/nineleaps/airflow/dags/covid_dag.py
[2020-06-04 16:42:00,863] {scheduler_job.py:1562} INFO - Processing file /home/nineleaps/airflow/dags/covid_dag.py for tasks to queue
[2020-06-04 16:42:00,864] {logging_mixin.py:112} INFO - [2020-06-04 16:42:00,864] {dagbag.py:396} INFO - Filling up the DagBag from /home/nineleaps/airflow/dags/covid_dag.py
[2020-06-04 16:42:00,989] {scheduler_job.py:1574} INFO - DAG(s) dict_keys(['covid_dag']) retrieved from /home/nineleaps/airflow/dags/covid_dag.py
[2020-06-04 16:42:01,011] {scheduler_job.py:1284} INFO - Processing covid_dag
[2020-06-04 16:42:01,023] {scheduler_job.py:447} INFO - Skipping SLA check for <DAG: covid_dag> because no tasks in DAG have SLAs
[2020-06-04 16:42:01,026] {scheduler_job.py:162} INFO - Processing /home/nineleaps/airflow/dags/covid_dag.py took 0.165 seconds
[2020-06-04 16:42:54,945] {scheduler_job.py:154} INFO - Started process (PID=17365) to work on /home/nineleaps/airflow/dags/covid_dag.py
[2020-06-04 16:42:54,954] {scheduler_job.py:1562} INFO - Processing file /home/nineleaps/airflow/dags/covid_dag.py for tasks to queue
[2020-06-04 16:42:54,955] {logging_mixin.py:112} INFO - [2020-06-04 16:42:54,955] {dagbag.py:396} INFO - Filling up the DagBag from /home/nineleaps/airflow/dags/covid_dag.py
[2020-06-04 16:42:55,100] {scheduler_job.py:1574} INFO - DAG(s) dict_keys(['covid_dag']) retrieved from /home/nineleaps/airflow/dags/covid_dag.py
[2020-06-04 16:42:55,136] {scheduler_job.py:1284} INFO - Processing covid_dag
[2020-06-04 16:42:55,151] {scheduler_job.py:447} INFO - Skipping SLA check for <DAG: covid_dag> because no tasks in DAG have SLAs
[2020-06-04 16:42:55,153] {scheduler_job.py:162} INFO - Processing /home/nineleaps/airflow/dags/covid_dag.py took 0.208 seconds
[2020-06-04 16:43:48,971] {scheduler_job.py:154} INFO - Started process (PID=17517) to work on /home/nineleaps/airflow/dags/covid_dag.py
[2020-06-04 16:43:48,974] {scheduler_job.py:1562} INFO - Processing file /home/nineleaps/airflow/dags/covid_dag.py for tasks to queue
[2020-06-04 16:43:48,975] {logging_mixin.py:112} INFO - [2020-06-04 16:43:48,975] {dagbag.py:396} INFO - Filling up the DagBag from /home/nineleaps/airflow/dags/covid_dag.py
[2020-06-04 16:43:49,059] {scheduler_job.py:1574} INFO - DAG(s) dict_keys(['covid_dag']) retrieved from /home/nineleaps/airflow/dags/covid_dag.py
[2020-06-04 16:43:49,082] {scheduler_job.py:1284} INFO - Processing covid_dag
[2020-06-04 16:43:49,094] {scheduler_job.py:447} INFO - Skipping SLA check for <DAG: covid_dag> because no tasks in DAG have SLAs
[2020-06-04 16:43:49,097] {scheduler_job.py:162} INFO - Processing /home/nineleaps/airflow/dags/covid_dag.py took 0.126 seconds
[2020-06-04 16:44:54,256] {scheduler_job.py:154} INFO - Started process (PID=17632) to work on /home/nineleaps/airflow/dags/covid_dag.py
[2020-06-04 16:44:54,268] {scheduler_job.py:1562} INFO - Processing file /home/nineleaps/airflow/dags/covid_dag.py for tasks to queue
[2020-06-04 16:44:54,269] {logging_mixin.py:112} INFO - [2020-06-04 16:44:54,269] {dagbag.py:396} INFO - Filling up the DagBag from /home/nineleaps/airflow/dags/covid_dag.py
[2020-06-04 16:44:54,352] {scheduler_job.py:1574} INFO - DAG(s) dict_keys(['covid_dag']) retrieved from /home/nineleaps/airflow/dags/covid_dag.py
[2020-06-04 16:44:54,383] {scheduler_job.py:1284} INFO - Processing covid_dag
[2020-06-04 16:44:54,405] {scheduler_job.py:447} INFO - Skipping SLA check for <DAG: covid_dag> because no tasks in DAG have SLAs
[2020-06-04 16:44:54,408] {scheduler_job.py:162} INFO - Processing /home/nineleaps/airflow/dags/covid_dag.py took 0.152 seconds
[2020-06-04 16:45:48,327] {scheduler_job.py:154} INFO - Started process (PID=17710) to work on /home/nineleaps/airflow/dags/covid_dag.py
[2020-06-04 16:45:48,335] {scheduler_job.py:1562} INFO - Processing file /home/nineleaps/airflow/dags/covid_dag.py for tasks to queue
[2020-06-04 16:45:48,336] {logging_mixin.py:112} INFO - [2020-06-04 16:45:48,336] {dagbag.py:396} INFO - Filling up the DagBag from /home/nineleaps/airflow/dags/covid_dag.py
[2020-06-04 16:45:48,418] {scheduler_job.py:1574} INFO - DAG(s) dict_keys(['covid_dag']) retrieved from /home/nineleaps/airflow/dags/covid_dag.py
[2020-06-04 16:45:48,441] {scheduler_job.py:1284} INFO - Processing covid_dag
[2020-06-04 16:45:48,454] {scheduler_job.py:447} INFO - Skipping SLA check for <DAG: covid_dag> because no tasks in DAG have SLAs
[2020-06-04 16:45:48,457] {scheduler_job.py:162} INFO - Processing /home/nineleaps/airflow/dags/covid_dag.py took 0.131 seconds
[2020-06-04 16:46:42,401] {scheduler_job.py:154} INFO - Started process (PID=17789) to work on /home/nineleaps/airflow/dags/covid_dag.py
[2020-06-04 16:46:42,411] {scheduler_job.py:1562} INFO - Processing file /home/nineleaps/airflow/dags/covid_dag.py for tasks to queue
[2020-06-04 16:46:42,412] {logging_mixin.py:112} INFO - [2020-06-04 16:46:42,412] {dagbag.py:396} INFO - Filling up the DagBag from /home/nineleaps/airflow/dags/covid_dag.py
[2020-06-04 16:46:42,536] {scheduler_job.py:1574} INFO - DAG(s) dict_keys(['covid_dag']) retrieved from /home/nineleaps/airflow/dags/covid_dag.py
[2020-06-04 16:46:42,565] {scheduler_job.py:1284} INFO - Processing covid_dag
[2020-06-04 16:46:42,579] {scheduler_job.py:447} INFO - Skipping SLA check for <DAG: covid_dag> because no tasks in DAG have SLAs
[2020-06-04 16:46:42,582] {scheduler_job.py:162} INFO - Processing /home/nineleaps/airflow/dags/covid_dag.py took 0.181 seconds
[2020-06-04 16:47:36,450] {scheduler_job.py:154} INFO - Started process (PID=17859) to work on /home/nineleaps/airflow/dags/covid_dag.py
[2020-06-04 16:47:36,452] {scheduler_job.py:1562} INFO - Processing file /home/nineleaps/airflow/dags/covid_dag.py for tasks to queue
[2020-06-04 16:47:36,453] {logging_mixin.py:112} INFO - [2020-06-04 16:47:36,452] {dagbag.py:396} INFO - Filling up the DagBag from /home/nineleaps/airflow/dags/covid_dag.py
[2020-06-04 16:47:36,530] {scheduler_job.py:1574} INFO - DAG(s) dict_keys(['covid_dag']) retrieved from /home/nineleaps/airflow/dags/covid_dag.py
[2020-06-04 16:47:36,555] {scheduler_job.py:1284} INFO - Processing covid_dag
[2020-06-04 16:47:36,575] {scheduler_job.py:447} INFO - Skipping SLA check for <DAG: covid_dag> because no tasks in DAG have SLAs
[2020-06-04 16:47:36,579] {scheduler_job.py:162} INFO - Processing /home/nineleaps/airflow/dags/covid_dag.py took 0.129 seconds
[2020-06-04 16:48:30,539] {scheduler_job.py:154} INFO - Started process (PID=17954) to work on /home/nineleaps/airflow/dags/covid_dag.py
[2020-06-04 16:48:30,550] {scheduler_job.py:1562} INFO - Processing file /home/nineleaps/airflow/dags/covid_dag.py for tasks to queue
[2020-06-04 16:48:30,552] {logging_mixin.py:112} INFO - [2020-06-04 16:48:30,552] {dagbag.py:396} INFO - Filling up the DagBag from /home/nineleaps/airflow/dags/covid_dag.py
[2020-06-04 16:48:30,643] {scheduler_job.py:1574} INFO - DAG(s) dict_keys(['covid_dag']) retrieved from /home/nineleaps/airflow/dags/covid_dag.py
[2020-06-04 16:48:30,666] {scheduler_job.py:1284} INFO - Processing covid_dag
[2020-06-04 16:48:30,678] {scheduler_job.py:447} INFO - Skipping SLA check for <DAG: covid_dag> because no tasks in DAG have SLAs
[2020-06-04 16:48:30,681] {scheduler_job.py:162} INFO - Processing /home/nineleaps/airflow/dags/covid_dag.py took 0.142 seconds
[2020-06-04 16:49:24,596] {scheduler_job.py:154} INFO - Started process (PID=18042) to work on /home/nineleaps/airflow/dags/covid_dag.py
[2020-06-04 16:49:24,601] {scheduler_job.py:1562} INFO - Processing file /home/nineleaps/airflow/dags/covid_dag.py for tasks to queue
[2020-06-04 16:49:24,602] {logging_mixin.py:112} INFO - [2020-06-04 16:49:24,602] {dagbag.py:396} INFO - Filling up the DagBag from /home/nineleaps/airflow/dags/covid_dag.py
[2020-06-04 16:49:24,695] {scheduler_job.py:1574} INFO - DAG(s) dict_keys(['covid_dag']) retrieved from /home/nineleaps/airflow/dags/covid_dag.py
[2020-06-04 16:49:24,721] {scheduler_job.py:1284} INFO - Processing covid_dag
[2020-06-04 16:49:24,737] {scheduler_job.py:447} INFO - Skipping SLA check for <DAG: covid_dag> because no tasks in DAG have SLAs
[2020-06-04 16:49:24,740] {scheduler_job.py:162} INFO - Processing /home/nineleaps/airflow/dags/covid_dag.py took 0.143 seconds
[2020-06-04 16:50:18,673] {scheduler_job.py:154} INFO - Started process (PID=18111) to work on /home/nineleaps/airflow/dags/covid_dag.py
[2020-06-04 16:50:18,685] {scheduler_job.py:1562} INFO - Processing file /home/nineleaps/airflow/dags/covid_dag.py for tasks to queue
[2020-06-04 16:50:18,687] {logging_mixin.py:112} INFO - [2020-06-04 16:50:18,686] {dagbag.py:396} INFO - Filling up the DagBag from /home/nineleaps/airflow/dags/covid_dag.py
[2020-06-04 16:50:18,770] {scheduler_job.py:1574} INFO - DAG(s) dict_keys(['covid_dag']) retrieved from /home/nineleaps/airflow/dags/covid_dag.py
[2020-06-04 16:50:18,788] {scheduler_job.py:1284} INFO - Processing covid_dag
[2020-06-04 16:50:18,806] {scheduler_job.py:447} INFO - Skipping SLA check for <DAG: covid_dag> because no tasks in DAG have SLAs
[2020-06-04 16:50:18,809] {scheduler_job.py:162} INFO - Processing /home/nineleaps/airflow/dags/covid_dag.py took 0.136 seconds
[2020-06-04 16:51:12,740] {scheduler_job.py:154} INFO - Started process (PID=18229) to work on /home/nineleaps/airflow/dags/covid_dag.py
[2020-06-04 16:51:12,752] {scheduler_job.py:1562} INFO - Processing file /home/nineleaps/airflow/dags/covid_dag.py for tasks to queue
[2020-06-04 16:51:12,753] {logging_mixin.py:112} INFO - [2020-06-04 16:51:12,753] {dagbag.py:396} INFO - Filling up the DagBag from /home/nineleaps/airflow/dags/covid_dag.py
[2020-06-04 16:51:12,941] {scheduler_job.py:1574} INFO - DAG(s) dict_keys(['covid_dag']) retrieved from /home/nineleaps/airflow/dags/covid_dag.py
[2020-06-04 16:51:12,972] {scheduler_job.py:1284} INFO - Processing covid_dag
[2020-06-04 16:51:12,985] {scheduler_job.py:447} INFO - Skipping SLA check for <DAG: covid_dag> because no tasks in DAG have SLAs
[2020-06-04 16:51:12,987] {scheduler_job.py:162} INFO - Processing /home/nineleaps/airflow/dags/covid_dag.py took 0.248 seconds
[2020-06-04 16:52:06,832] {scheduler_job.py:154} INFO - Started process (PID=18362) to work on /home/nineleaps/airflow/dags/covid_dag.py
[2020-06-04 16:52:06,836] {scheduler_job.py:1562} INFO - Processing file /home/nineleaps/airflow/dags/covid_dag.py for tasks to queue
[2020-06-04 16:52:06,837] {logging_mixin.py:112} INFO - [2020-06-04 16:52:06,837] {dagbag.py:396} INFO - Filling up the DagBag from /home/nineleaps/airflow/dags/covid_dag.py
[2020-06-04 16:52:06,972] {scheduler_job.py:1574} INFO - DAG(s) dict_keys(['covid_dag']) retrieved from /home/nineleaps/airflow/dags/covid_dag.py
[2020-06-04 16:52:06,997] {scheduler_job.py:1284} INFO - Processing covid_dag
[2020-06-04 16:52:07,011] {scheduler_job.py:447} INFO - Skipping SLA check for <DAG: covid_dag> because no tasks in DAG have SLAs
[2020-06-04 16:52:07,013] {scheduler_job.py:162} INFO - Processing /home/nineleaps/airflow/dags/covid_dag.py took 0.181 seconds
[2020-06-04 16:53:00,853] {scheduler_job.py:154} INFO - Started process (PID=18444) to work on /home/nineleaps/airflow/dags/covid_dag.py
[2020-06-04 16:53:00,855] {scheduler_job.py:1562} INFO - Processing file /home/nineleaps/airflow/dags/covid_dag.py for tasks to queue
[2020-06-04 16:53:00,855] {logging_mixin.py:112} INFO - [2020-06-04 16:53:00,855] {dagbag.py:396} INFO - Filling up the DagBag from /home/nineleaps/airflow/dags/covid_dag.py
[2020-06-04 16:53:00,940] {scheduler_job.py:1574} INFO - DAG(s) dict_keys(['covid_dag']) retrieved from /home/nineleaps/airflow/dags/covid_dag.py
[2020-06-04 16:53:00,962] {scheduler_job.py:1284} INFO - Processing covid_dag
[2020-06-04 16:53:00,974] {scheduler_job.py:447} INFO - Skipping SLA check for <DAG: covid_dag> because no tasks in DAG have SLAs
[2020-06-04 16:53:00,977] {scheduler_job.py:162} INFO - Processing /home/nineleaps/airflow/dags/covid_dag.py took 0.124 seconds
[2020-06-04 16:53:54,904] {scheduler_job.py:154} INFO - Started process (PID=18547) to work on /home/nineleaps/airflow/dags/covid_dag.py
[2020-06-04 16:53:54,907] {scheduler_job.py:1562} INFO - Processing file /home/nineleaps/airflow/dags/covid_dag.py for tasks to queue
[2020-06-04 16:53:54,907] {logging_mixin.py:112} INFO - [2020-06-04 16:53:54,907] {dagbag.py:396} INFO - Filling up the DagBag from /home/nineleaps/airflow/dags/covid_dag.py
[2020-06-04 16:53:55,002] {scheduler_job.py:1574} INFO - DAG(s) dict_keys(['covid_dag']) retrieved from /home/nineleaps/airflow/dags/covid_dag.py
[2020-06-04 16:53:55,027] {scheduler_job.py:1284} INFO - Processing covid_dag
[2020-06-04 16:53:55,040] {scheduler_job.py:447} INFO - Skipping SLA check for <DAG: covid_dag> because no tasks in DAG have SLAs
[2020-06-04 16:53:55,042] {scheduler_job.py:162} INFO - Processing /home/nineleaps/airflow/dags/covid_dag.py took 0.139 seconds
[2020-06-04 16:54:48,971] {scheduler_job.py:154} INFO - Started process (PID=18614) to work on /home/nineleaps/airflow/dags/covid_dag.py
[2020-06-04 16:54:48,979] {scheduler_job.py:1562} INFO - Processing file /home/nineleaps/airflow/dags/covid_dag.py for tasks to queue
[2020-06-04 16:54:48,980] {logging_mixin.py:112} INFO - [2020-06-04 16:54:48,980] {dagbag.py:396} INFO - Filling up the DagBag from /home/nineleaps/airflow/dags/covid_dag.py
[2020-06-04 16:54:49,076] {scheduler_job.py:1574} INFO - DAG(s) dict_keys(['covid_dag']) retrieved from /home/nineleaps/airflow/dags/covid_dag.py
[2020-06-04 16:54:49,111] {scheduler_job.py:1284} INFO - Processing covid_dag
[2020-06-04 16:54:49,126] {scheduler_job.py:447} INFO - Skipping SLA check for <DAG: covid_dag> because no tasks in DAG have SLAs
[2020-06-04 16:54:49,129] {scheduler_job.py:162} INFO - Processing /home/nineleaps/airflow/dags/covid_dag.py took 0.157 seconds
[2020-06-04 16:55:43,016] {scheduler_job.py:154} INFO - Started process (PID=18674) to work on /home/nineleaps/airflow/dags/covid_dag.py
[2020-06-04 16:55:43,019] {scheduler_job.py:1562} INFO - Processing file /home/nineleaps/airflow/dags/covid_dag.py for tasks to queue
[2020-06-04 16:55:43,020] {logging_mixin.py:112} INFO - [2020-06-04 16:55:43,020] {dagbag.py:396} INFO - Filling up the DagBag from /home/nineleaps/airflow/dags/covid_dag.py
[2020-06-04 16:55:43,102] {scheduler_job.py:1574} INFO - DAG(s) dict_keys(['covid_dag']) retrieved from /home/nineleaps/airflow/dags/covid_dag.py
[2020-06-04 16:55:43,126] {scheduler_job.py:1284} INFO - Processing covid_dag
[2020-06-04 16:55:43,138] {scheduler_job.py:447} INFO - Skipping SLA check for <DAG: covid_dag> because no tasks in DAG have SLAs
[2020-06-04 16:55:43,141] {scheduler_job.py:162} INFO - Processing /home/nineleaps/airflow/dags/covid_dag.py took 0.125 seconds
[2020-06-04 16:56:37,104] {scheduler_job.py:154} INFO - Started process (PID=18739) to work on /home/nineleaps/airflow/dags/covid_dag.py
[2020-06-04 16:56:37,112] {scheduler_job.py:1562} INFO - Processing file /home/nineleaps/airflow/dags/covid_dag.py for tasks to queue
[2020-06-04 16:56:37,114] {logging_mixin.py:112} INFO - [2020-06-04 16:56:37,113] {dagbag.py:396} INFO - Filling up the DagBag from /home/nineleaps/airflow/dags/covid_dag.py
[2020-06-04 16:56:37,243] {scheduler_job.py:1574} INFO - DAG(s) dict_keys(['covid_dag']) retrieved from /home/nineleaps/airflow/dags/covid_dag.py
[2020-06-04 16:56:37,280] {scheduler_job.py:1284} INFO - Processing covid_dag
[2020-06-04 16:56:37,298] {scheduler_job.py:447} INFO - Skipping SLA check for <DAG: covid_dag> because no tasks in DAG have SLAs
[2020-06-04 16:56:37,303] {scheduler_job.py:162} INFO - Processing /home/nineleaps/airflow/dags/covid_dag.py took 0.199 seconds
[2020-06-04 16:57:31,158] {scheduler_job.py:154} INFO - Started process (PID=18847) to work on /home/nineleaps/airflow/dags/covid_dag.py
[2020-06-04 16:57:31,167] {scheduler_job.py:1562} INFO - Processing file /home/nineleaps/airflow/dags/covid_dag.py for tasks to queue
[2020-06-04 16:57:31,168] {logging_mixin.py:112} INFO - [2020-06-04 16:57:31,168] {dagbag.py:396} INFO - Filling up the DagBag from /home/nineleaps/airflow/dags/covid_dag.py
[2020-06-04 16:57:31,297] {scheduler_job.py:1574} INFO - DAG(s) dict_keys(['covid_dag']) retrieved from /home/nineleaps/airflow/dags/covid_dag.py
[2020-06-04 16:57:31,328] {scheduler_job.py:1284} INFO - Processing covid_dag
[2020-06-04 16:57:31,345] {scheduler_job.py:447} INFO - Skipping SLA check for <DAG: covid_dag> because no tasks in DAG have SLAs
[2020-06-04 16:57:31,348] {scheduler_job.py:162} INFO - Processing /home/nineleaps/airflow/dags/covid_dag.py took 0.190 seconds
[2020-06-04 16:58:25,194] {scheduler_job.py:154} INFO - Started process (PID=18912) to work on /home/nineleaps/airflow/dags/covid_dag.py
[2020-06-04 16:58:25,197] {scheduler_job.py:1562} INFO - Processing file /home/nineleaps/airflow/dags/covid_dag.py for tasks to queue
[2020-06-04 16:58:25,197] {logging_mixin.py:112} INFO - [2020-06-04 16:58:25,197] {dagbag.py:396} INFO - Filling up the DagBag from /home/nineleaps/airflow/dags/covid_dag.py
[2020-06-04 16:58:25,277] {scheduler_job.py:1574} INFO - DAG(s) dict_keys(['covid_dag']) retrieved from /home/nineleaps/airflow/dags/covid_dag.py
[2020-06-04 16:58:25,307] {scheduler_job.py:1284} INFO - Processing covid_dag
[2020-06-04 16:58:25,324] {scheduler_job.py:447} INFO - Skipping SLA check for <DAG: covid_dag> because no tasks in DAG have SLAs
[2020-06-04 16:58:25,327] {scheduler_job.py:162} INFO - Processing /home/nineleaps/airflow/dags/covid_dag.py took 0.133 seconds
[2020-06-04 16:59:19,277] {scheduler_job.py:154} INFO - Started process (PID=19061) to work on /home/nineleaps/airflow/dags/covid_dag.py
[2020-06-04 16:59:19,286] {scheduler_job.py:1562} INFO - Processing file /home/nineleaps/airflow/dags/covid_dag.py for tasks to queue
[2020-06-04 16:59:19,287] {logging_mixin.py:112} INFO - [2020-06-04 16:59:19,287] {dagbag.py:396} INFO - Filling up the DagBag from /home/nineleaps/airflow/dags/covid_dag.py
[2020-06-04 16:59:19,385] {scheduler_job.py:1574} INFO - DAG(s) dict_keys(['covid_dag']) retrieved from /home/nineleaps/airflow/dags/covid_dag.py
[2020-06-04 16:59:19,408] {scheduler_job.py:1284} INFO - Processing covid_dag
[2020-06-04 16:59:19,420] {scheduler_job.py:447} INFO - Skipping SLA check for <DAG: covid_dag> because no tasks in DAG have SLAs
[2020-06-04 16:59:19,422] {scheduler_job.py:162} INFO - Processing /home/nineleaps/airflow/dags/covid_dag.py took 0.146 seconds
[2020-06-04 17:00:13,342] {scheduler_job.py:154} INFO - Started process (PID=19157) to work on /home/nineleaps/airflow/dags/covid_dag.py
[2020-06-04 17:00:13,352] {scheduler_job.py:1562} INFO - Processing file /home/nineleaps/airflow/dags/covid_dag.py for tasks to queue
[2020-06-04 17:00:13,353] {logging_mixin.py:112} INFO - [2020-06-04 17:00:13,353] {dagbag.py:396} INFO - Filling up the DagBag from /home/nineleaps/airflow/dags/covid_dag.py
[2020-06-04 17:00:13,441] {scheduler_job.py:1574} INFO - DAG(s) dict_keys(['covid_dag']) retrieved from /home/nineleaps/airflow/dags/covid_dag.py
[2020-06-04 17:00:13,472] {scheduler_job.py:1284} INFO - Processing covid_dag
[2020-06-04 17:00:13,493] {scheduler_job.py:447} INFO - Skipping SLA check for <DAG: covid_dag> because no tasks in DAG have SLAs
[2020-06-04 17:00:13,496] {scheduler_job.py:162} INFO - Processing /home/nineleaps/airflow/dags/covid_dag.py took 0.154 seconds
[2020-06-04 17:01:07,401] {scheduler_job.py:154} INFO - Started process (PID=19217) to work on /home/nineleaps/airflow/dags/covid_dag.py
[2020-06-04 17:01:07,412] {scheduler_job.py:1562} INFO - Processing file /home/nineleaps/airflow/dags/covid_dag.py for tasks to queue
[2020-06-04 17:01:07,415] {logging_mixin.py:112} INFO - [2020-06-04 17:01:07,414] {dagbag.py:396} INFO - Filling up the DagBag from /home/nineleaps/airflow/dags/covid_dag.py
[2020-06-04 17:01:07,547] {scheduler_job.py:1574} INFO - DAG(s) dict_keys(['covid_dag']) retrieved from /home/nineleaps/airflow/dags/covid_dag.py
[2020-06-04 17:01:07,573] {scheduler_job.py:1284} INFO - Processing covid_dag
[2020-06-04 17:01:07,588] {scheduler_job.py:447} INFO - Skipping SLA check for <DAG: covid_dag> because no tasks in DAG have SLAs
[2020-06-04 17:01:07,592] {scheduler_job.py:162} INFO - Processing /home/nineleaps/airflow/dags/covid_dag.py took 0.191 seconds
[2020-06-04 17:02:01,472] {scheduler_job.py:154} INFO - Started process (PID=19317) to work on /home/nineleaps/airflow/dags/covid_dag.py
[2020-06-04 17:02:01,482] {scheduler_job.py:1562} INFO - Processing file /home/nineleaps/airflow/dags/covid_dag.py for tasks to queue
[2020-06-04 17:02:01,484] {logging_mixin.py:112} INFO - [2020-06-04 17:02:01,484] {dagbag.py:396} INFO - Filling up the DagBag from /home/nineleaps/airflow/dags/covid_dag.py
[2020-06-04 17:02:01,572] {scheduler_job.py:1574} INFO - DAG(s) dict_keys(['covid_dag']) retrieved from /home/nineleaps/airflow/dags/covid_dag.py
[2020-06-04 17:02:01,594] {scheduler_job.py:1284} INFO - Processing covid_dag
[2020-06-04 17:02:01,606] {scheduler_job.py:447} INFO - Skipping SLA check for <DAG: covid_dag> because no tasks in DAG have SLAs
[2020-06-04 17:02:01,609] {scheduler_job.py:162} INFO - Processing /home/nineleaps/airflow/dags/covid_dag.py took 0.138 seconds
[2020-06-04 17:02:55,535] {scheduler_job.py:154} INFO - Started process (PID=19385) to work on /home/nineleaps/airflow/dags/covid_dag.py
[2020-06-04 17:02:55,544] {scheduler_job.py:1562} INFO - Processing file /home/nineleaps/airflow/dags/covid_dag.py for tasks to queue
[2020-06-04 17:02:55,545] {logging_mixin.py:112} INFO - [2020-06-04 17:02:55,544] {dagbag.py:396} INFO - Filling up the DagBag from /home/nineleaps/airflow/dags/covid_dag.py
[2020-06-04 17:02:55,620] {scheduler_job.py:1574} INFO - DAG(s) dict_keys(['covid_dag']) retrieved from /home/nineleaps/airflow/dags/covid_dag.py
[2020-06-04 17:02:55,642] {scheduler_job.py:1284} INFO - Processing covid_dag
[2020-06-04 17:02:55,654] {scheduler_job.py:447} INFO - Skipping SLA check for <DAG: covid_dag> because no tasks in DAG have SLAs
[2020-06-04 17:02:55,657] {scheduler_job.py:162} INFO - Processing /home/nineleaps/airflow/dags/covid_dag.py took 0.122 seconds
[2020-06-04 17:03:49,608] {scheduler_job.py:154} INFO - Started process (PID=19467) to work on /home/nineleaps/airflow/dags/covid_dag.py
[2020-06-04 17:03:49,619] {scheduler_job.py:1562} INFO - Processing file /home/nineleaps/airflow/dags/covid_dag.py for tasks to queue
[2020-06-04 17:03:49,619] {logging_mixin.py:112} INFO - [2020-06-04 17:03:49,619] {dagbag.py:396} INFO - Filling up the DagBag from /home/nineleaps/airflow/dags/covid_dag.py
[2020-06-04 17:03:49,695] {scheduler_job.py:1574} INFO - DAG(s) dict_keys(['covid_dag']) retrieved from /home/nineleaps/airflow/dags/covid_dag.py
[2020-06-04 17:03:49,718] {scheduler_job.py:1284} INFO - Processing covid_dag
[2020-06-04 17:03:49,730] {scheduler_job.py:447} INFO - Skipping SLA check for <DAG: covid_dag> because no tasks in DAG have SLAs
[2020-06-04 17:03:49,732] {scheduler_job.py:162} INFO - Processing /home/nineleaps/airflow/dags/covid_dag.py took 0.125 seconds
[2020-06-04 17:04:43,682] {scheduler_job.py:154} INFO - Started process (PID=19538) to work on /home/nineleaps/airflow/dags/covid_dag.py
[2020-06-04 17:04:43,692] {scheduler_job.py:1562} INFO - Processing file /home/nineleaps/airflow/dags/covid_dag.py for tasks to queue
[2020-06-04 17:04:43,694] {logging_mixin.py:112} INFO - [2020-06-04 17:04:43,693] {dagbag.py:396} INFO - Filling up the DagBag from /home/nineleaps/airflow/dags/covid_dag.py
[2020-06-04 17:04:43,801] {scheduler_job.py:1574} INFO - DAG(s) dict_keys(['covid_dag']) retrieved from /home/nineleaps/airflow/dags/covid_dag.py
[2020-06-04 17:04:43,830] {scheduler_job.py:1284} INFO - Processing covid_dag
[2020-06-04 17:04:43,852] {scheduler_job.py:447} INFO - Skipping SLA check for <DAG: covid_dag> because no tasks in DAG have SLAs
[2020-06-04 17:04:43,856] {scheduler_job.py:162} INFO - Processing /home/nineleaps/airflow/dags/covid_dag.py took 0.174 seconds
[2020-06-04 17:05:37,736] {scheduler_job.py:154} INFO - Started process (PID=19613) to work on /home/nineleaps/airflow/dags/covid_dag.py
[2020-06-04 17:05:37,737] {scheduler_job.py:1562} INFO - Processing file /home/nineleaps/airflow/dags/covid_dag.py for tasks to queue
[2020-06-04 17:05:37,738] {logging_mixin.py:112} INFO - [2020-06-04 17:05:37,738] {dagbag.py:396} INFO - Filling up the DagBag from /home/nineleaps/airflow/dags/covid_dag.py
[2020-06-04 17:05:37,804] {scheduler_job.py:1574} INFO - DAG(s) dict_keys(['covid_dag']) retrieved from /home/nineleaps/airflow/dags/covid_dag.py
[2020-06-04 17:05:37,826] {scheduler_job.py:1284} INFO - Processing covid_dag
[2020-06-04 17:05:37,838] {scheduler_job.py:447} INFO - Skipping SLA check for <DAG: covid_dag> because no tasks in DAG have SLAs
[2020-06-04 17:05:37,841] {scheduler_job.py:162} INFO - Processing /home/nineleaps/airflow/dags/covid_dag.py took 0.105 seconds
[2020-06-04 17:06:31,835] {scheduler_job.py:154} INFO - Started process (PID=19671) to work on /home/nineleaps/airflow/dags/covid_dag.py
[2020-06-04 17:06:31,843] {scheduler_job.py:1562} INFO - Processing file /home/nineleaps/airflow/dags/covid_dag.py for tasks to queue
[2020-06-04 17:06:31,844] {logging_mixin.py:112} INFO - [2020-06-04 17:06:31,844] {dagbag.py:396} INFO - Filling up the DagBag from /home/nineleaps/airflow/dags/covid_dag.py
[2020-06-04 17:06:31,978] {scheduler_job.py:1574} INFO - DAG(s) dict_keys(['covid_dag']) retrieved from /home/nineleaps/airflow/dags/covid_dag.py
[2020-06-04 17:06:32,015] {scheduler_job.py:1284} INFO - Processing covid_dag
[2020-06-04 17:06:32,039] {scheduler_job.py:447} INFO - Skipping SLA check for <DAG: covid_dag> because no tasks in DAG have SLAs
[2020-06-04 17:06:32,042] {scheduler_job.py:162} INFO - Processing /home/nineleaps/airflow/dags/covid_dag.py took 0.207 seconds
[2020-06-04 17:07:25,905] {scheduler_job.py:154} INFO - Started process (PID=19754) to work on /home/nineleaps/airflow/dags/covid_dag.py
[2020-06-04 17:07:25,907] {scheduler_job.py:1562} INFO - Processing file /home/nineleaps/airflow/dags/covid_dag.py for tasks to queue
[2020-06-04 17:07:25,908] {logging_mixin.py:112} INFO - [2020-06-04 17:07:25,908] {dagbag.py:396} INFO - Filling up the DagBag from /home/nineleaps/airflow/dags/covid_dag.py
[2020-06-04 17:07:26,024] {scheduler_job.py:1574} INFO - DAG(s) dict_keys(['covid_dag']) retrieved from /home/nineleaps/airflow/dags/covid_dag.py
[2020-06-04 17:07:26,059] {scheduler_job.py:1284} INFO - Processing covid_dag
[2020-06-04 17:07:26,080] {scheduler_job.py:447} INFO - Skipping SLA check for <DAG: covid_dag> because no tasks in DAG have SLAs
[2020-06-04 17:07:26,084] {scheduler_job.py:162} INFO - Processing /home/nineleaps/airflow/dags/covid_dag.py took 0.179 seconds
[2020-06-04 17:08:19,951] {scheduler_job.py:154} INFO - Started process (PID=19913) to work on /home/nineleaps/airflow/dags/covid_dag.py
[2020-06-04 17:08:19,954] {scheduler_job.py:1562} INFO - Processing file /home/nineleaps/airflow/dags/covid_dag.py for tasks to queue
[2020-06-04 17:08:19,955] {logging_mixin.py:112} INFO - [2020-06-04 17:08:19,955] {dagbag.py:396} INFO - Filling up the DagBag from /home/nineleaps/airflow/dags/covid_dag.py
[2020-06-04 17:08:20,086] {scheduler_job.py:1574} INFO - DAG(s) dict_keys(['covid_dag']) retrieved from /home/nineleaps/airflow/dags/covid_dag.py
[2020-06-04 17:08:20,123] {scheduler_job.py:1284} INFO - Processing covid_dag
[2020-06-04 17:08:20,150] {scheduler_job.py:447} INFO - Skipping SLA check for <DAG: covid_dag> because no tasks in DAG have SLAs
[2020-06-04 17:08:20,155] {scheduler_job.py:162} INFO - Processing /home/nineleaps/airflow/dags/covid_dag.py took 0.204 seconds
[2020-06-04 17:09:14,013] {scheduler_job.py:154} INFO - Started process (PID=19979) to work on /home/nineleaps/airflow/dags/covid_dag.py
[2020-06-04 17:09:14,019] {scheduler_job.py:1562} INFO - Processing file /home/nineleaps/airflow/dags/covid_dag.py for tasks to queue
[2020-06-04 17:09:14,020] {logging_mixin.py:112} INFO - [2020-06-04 17:09:14,020] {dagbag.py:396} INFO - Filling up the DagBag from /home/nineleaps/airflow/dags/covid_dag.py
[2020-06-04 17:09:14,100] {scheduler_job.py:1574} INFO - DAG(s) dict_keys(['covid_dag']) retrieved from /home/nineleaps/airflow/dags/covid_dag.py
[2020-06-04 17:09:14,117] {scheduler_job.py:1284} INFO - Processing covid_dag
[2020-06-04 17:09:14,130] {scheduler_job.py:447} INFO - Skipping SLA check for <DAG: covid_dag> because no tasks in DAG have SLAs
[2020-06-04 17:09:14,133] {scheduler_job.py:162} INFO - Processing /home/nineleaps/airflow/dags/covid_dag.py took 0.120 seconds
[2020-06-04 17:12:17,226] {scheduler_job.py:154} INFO - Started process (PID=20210) to work on /home/nineleaps/airflow/dags/covid_dag.py
[2020-06-04 17:12:17,235] {scheduler_job.py:1562} INFO - Processing file /home/nineleaps/airflow/dags/covid_dag.py for tasks to queue
[2020-06-04 17:12:17,236] {logging_mixin.py:112} INFO - [2020-06-04 17:12:17,236] {dagbag.py:396} INFO - Filling up the DagBag from /home/nineleaps/airflow/dags/covid_dag.py
[2020-06-04 17:12:17,311] {scheduler_job.py:1574} INFO - DAG(s) dict_keys(['covid_dag']) retrieved from /home/nineleaps/airflow/dags/covid_dag.py
[2020-06-04 17:12:17,329] {scheduler_job.py:1284} INFO - Processing covid_dag
[2020-06-04 17:12:17,342] {scheduler_job.py:447} INFO - Skipping SLA check for <DAG: covid_dag> because no tasks in DAG have SLAs
[2020-06-04 17:12:17,345] {scheduler_job.py:162} INFO - Processing /home/nineleaps/airflow/dags/covid_dag.py took 0.119 seconds
[2020-06-04 17:13:22,762] {scheduler_job.py:154} INFO - Started process (PID=20450) to work on /home/nineleaps/airflow/dags/covid_dag.py
[2020-06-04 17:13:22,771] {scheduler_job.py:1562} INFO - Processing file /home/nineleaps/airflow/dags/covid_dag.py for tasks to queue
[2020-06-04 17:13:22,772] {logging_mixin.py:112} INFO - [2020-06-04 17:13:22,772] {dagbag.py:396} INFO - Filling up the DagBag from /home/nineleaps/airflow/dags/covid_dag.py
[2020-06-04 17:13:22,898] {scheduler_job.py:1574} INFO - DAG(s) dict_keys(['covid_dag']) retrieved from /home/nineleaps/airflow/dags/covid_dag.py
[2020-06-04 17:13:22,934] {scheduler_job.py:1284} INFO - Processing covid_dag
[2020-06-04 17:13:22,966] {scheduler_job.py:447} INFO - Skipping SLA check for <DAG: covid_dag> because no tasks in DAG have SLAs
[2020-06-04 17:13:22,971] {scheduler_job.py:162} INFO - Processing /home/nineleaps/airflow/dags/covid_dag.py took 0.209 seconds
[2020-06-04 17:14:23,138] {scheduler_job.py:154} INFO - Started process (PID=20579) to work on /home/nineleaps/airflow/dags/covid_dag.py
[2020-06-04 17:14:23,141] {scheduler_job.py:1562} INFO - Processing file /home/nineleaps/airflow/dags/covid_dag.py for tasks to queue
[2020-06-04 17:14:23,142] {logging_mixin.py:112} INFO - [2020-06-04 17:14:23,142] {dagbag.py:396} INFO - Filling up the DagBag from /home/nineleaps/airflow/dags/covid_dag.py
[2020-06-04 17:14:23,236] {scheduler_job.py:1574} INFO - DAG(s) dict_keys(['covid_dag']) retrieved from /home/nineleaps/airflow/dags/covid_dag.py
[2020-06-04 17:14:23,266] {scheduler_job.py:1284} INFO - Processing covid_dag
[2020-06-04 17:14:23,284] {scheduler_job.py:447} INFO - Skipping SLA check for <DAG: covid_dag> because no tasks in DAG have SLAs
[2020-06-04 17:14:23,287] {scheduler_job.py:162} INFO - Processing /home/nineleaps/airflow/dags/covid_dag.py took 0.148 seconds
[2020-06-04 17:15:40,696] {scheduler_job.py:154} INFO - Started process (PID=20680) to work on /home/nineleaps/airflow/dags/covid_dag.py
[2020-06-04 17:15:40,705] {scheduler_job.py:1562} INFO - Processing file /home/nineleaps/airflow/dags/covid_dag.py for tasks to queue
[2020-06-04 17:15:40,707] {logging_mixin.py:112} INFO - [2020-06-04 17:15:40,706] {dagbag.py:396} INFO - Filling up the DagBag from /home/nineleaps/airflow/dags/covid_dag.py
[2020-06-04 17:15:40,808] {scheduler_job.py:1574} INFO - DAG(s) dict_keys(['covid_dag']) retrieved from /home/nineleaps/airflow/dags/covid_dag.py
[2020-06-04 17:15:40,836] {scheduler_job.py:1284} INFO - Processing covid_dag
[2020-06-04 17:15:40,851] {scheduler_job.py:447} INFO - Skipping SLA check for <DAG: covid_dag> because no tasks in DAG have SLAs
[2020-06-04 17:15:40,854] {scheduler_job.py:162} INFO - Processing /home/nineleaps/airflow/dags/covid_dag.py took 0.158 seconds
[2020-06-04 17:16:46,016] {scheduler_job.py:154} INFO - Started process (PID=20780) to work on /home/nineleaps/airflow/dags/covid_dag.py
[2020-06-04 17:16:46,018] {scheduler_job.py:1562} INFO - Processing file /home/nineleaps/airflow/dags/covid_dag.py for tasks to queue
[2020-06-04 17:16:46,019] {logging_mixin.py:112} INFO - [2020-06-04 17:16:46,019] {dagbag.py:396} INFO - Filling up the DagBag from /home/nineleaps/airflow/dags/covid_dag.py
[2020-06-04 17:16:46,086] {scheduler_job.py:1574} INFO - DAG(s) dict_keys(['covid_dag']) retrieved from /home/nineleaps/airflow/dags/covid_dag.py
[2020-06-04 17:16:46,110] {scheduler_job.py:1284} INFO - Processing covid_dag
[2020-06-04 17:16:46,123] {scheduler_job.py:447} INFO - Skipping SLA check for <DAG: covid_dag> because no tasks in DAG have SLAs
[2020-06-04 17:16:46,126] {scheduler_job.py:162} INFO - Processing /home/nineleaps/airflow/dags/covid_dag.py took 0.110 seconds
[2020-06-04 17:17:40,103] {scheduler_job.py:154} INFO - Started process (PID=20863) to work on /home/nineleaps/airflow/dags/covid_dag.py
[2020-06-04 17:17:40,114] {scheduler_job.py:1562} INFO - Processing file /home/nineleaps/airflow/dags/covid_dag.py for tasks to queue
[2020-06-04 17:17:40,116] {logging_mixin.py:112} INFO - [2020-06-04 17:17:40,115] {dagbag.py:396} INFO - Filling up the DagBag from /home/nineleaps/airflow/dags/covid_dag.py
[2020-06-04 17:17:40,230] {scheduler_job.py:1574} INFO - DAG(s) dict_keys(['covid_dag']) retrieved from /home/nineleaps/airflow/dags/covid_dag.py
[2020-06-04 17:17:40,261] {scheduler_job.py:1284} INFO - Processing covid_dag
[2020-06-04 17:17:40,281] {scheduler_job.py:447} INFO - Skipping SLA check for <DAG: covid_dag> because no tasks in DAG have SLAs
[2020-06-04 17:17:40,284] {scheduler_job.py:162} INFO - Processing /home/nineleaps/airflow/dags/covid_dag.py took 0.181 seconds
[2020-06-04 17:18:34,165] {scheduler_job.py:154} INFO - Started process (PID=20915) to work on /home/nineleaps/airflow/dags/covid_dag.py
[2020-06-04 17:18:34,177] {scheduler_job.py:1562} INFO - Processing file /home/nineleaps/airflow/dags/covid_dag.py for tasks to queue
[2020-06-04 17:18:34,179] {logging_mixin.py:112} INFO - [2020-06-04 17:18:34,178] {dagbag.py:396} INFO - Filling up the DagBag from /home/nineleaps/airflow/dags/covid_dag.py
[2020-06-04 17:18:34,316] {scheduler_job.py:1574} INFO - DAG(s) dict_keys(['covid_dag']) retrieved from /home/nineleaps/airflow/dags/covid_dag.py
[2020-06-04 17:18:34,338] {scheduler_job.py:1284} INFO - Processing covid_dag
[2020-06-04 17:18:34,351] {scheduler_job.py:447} INFO - Skipping SLA check for <DAG: covid_dag> because no tasks in DAG have SLAs
[2020-06-04 17:18:34,353] {scheduler_job.py:162} INFO - Processing /home/nineleaps/airflow/dags/covid_dag.py took 0.188 seconds
[2020-06-04 17:19:28,195] {scheduler_job.py:154} INFO - Started process (PID=21000) to work on /home/nineleaps/airflow/dags/covid_dag.py
[2020-06-04 17:19:28,197] {scheduler_job.py:1562} INFO - Processing file /home/nineleaps/airflow/dags/covid_dag.py for tasks to queue
[2020-06-04 17:19:28,197] {logging_mixin.py:112} INFO - [2020-06-04 17:19:28,197] {dagbag.py:396} INFO - Filling up the DagBag from /home/nineleaps/airflow/dags/covid_dag.py
[2020-06-04 17:19:28,276] {scheduler_job.py:1574} INFO - DAG(s) dict_keys(['covid_dag']) retrieved from /home/nineleaps/airflow/dags/covid_dag.py
[2020-06-04 17:19:28,303] {scheduler_job.py:1284} INFO - Processing covid_dag
[2020-06-04 17:19:28,317] {scheduler_job.py:447} INFO - Skipping SLA check for <DAG: covid_dag> because no tasks in DAG have SLAs
[2020-06-04 17:19:28,320] {scheduler_job.py:162} INFO - Processing /home/nineleaps/airflow/dags/covid_dag.py took 0.125 seconds
[2020-06-04 17:20:22,282] {scheduler_job.py:154} INFO - Started process (PID=21072) to work on /home/nineleaps/airflow/dags/covid_dag.py
[2020-06-04 17:20:22,291] {scheduler_job.py:1562} INFO - Processing file /home/nineleaps/airflow/dags/covid_dag.py for tasks to queue
[2020-06-04 17:20:22,293] {logging_mixin.py:112} INFO - [2020-06-04 17:20:22,293] {dagbag.py:396} INFO - Filling up the DagBag from /home/nineleaps/airflow/dags/covid_dag.py
[2020-06-04 17:20:22,408] {scheduler_job.py:1574} INFO - DAG(s) dict_keys(['covid_dag']) retrieved from /home/nineleaps/airflow/dags/covid_dag.py
[2020-06-04 17:20:22,426] {scheduler_job.py:1284} INFO - Processing covid_dag
[2020-06-04 17:20:22,438] {scheduler_job.py:447} INFO - Skipping SLA check for <DAG: covid_dag> because no tasks in DAG have SLAs
[2020-06-04 17:20:22,441] {scheduler_job.py:162} INFO - Processing /home/nineleaps/airflow/dags/covid_dag.py took 0.160 seconds
[2020-06-04 17:21:27,569] {scheduler_job.py:154} INFO - Started process (PID=21149) to work on /home/nineleaps/airflow/dags/covid_dag.py
[2020-06-04 17:21:27,570] {scheduler_job.py:1562} INFO - Processing file /home/nineleaps/airflow/dags/covid_dag.py for tasks to queue
[2020-06-04 17:21:27,571] {logging_mixin.py:112} INFO - [2020-06-04 17:21:27,571] {dagbag.py:396} INFO - Filling up the DagBag from /home/nineleaps/airflow/dags/covid_dag.py
[2020-06-04 17:21:27,635] {scheduler_job.py:1574} INFO - DAG(s) dict_keys(['covid_dag']) retrieved from /home/nineleaps/airflow/dags/covid_dag.py
[2020-06-04 17:21:27,652] {scheduler_job.py:1284} INFO - Processing covid_dag
[2020-06-04 17:21:27,664] {scheduler_job.py:447} INFO - Skipping SLA check for <DAG: covid_dag> because no tasks in DAG have SLAs
[2020-06-04 17:21:27,667] {scheduler_job.py:162} INFO - Processing /home/nineleaps/airflow/dags/covid_dag.py took 0.098 seconds
[2020-06-04 17:22:32,988] {scheduler_job.py:154} INFO - Started process (PID=21227) to work on /home/nineleaps/airflow/dags/covid_dag.py
[2020-06-04 17:22:32,991] {scheduler_job.py:1562} INFO - Processing file /home/nineleaps/airflow/dags/covid_dag.py for tasks to queue
[2020-06-04 17:22:32,991] {logging_mixin.py:112} INFO - [2020-06-04 17:22:32,991] {dagbag.py:396} INFO - Filling up the DagBag from /home/nineleaps/airflow/dags/covid_dag.py
[2020-06-04 17:22:33,119] {scheduler_job.py:1574} INFO - DAG(s) dict_keys(['covid_dag']) retrieved from /home/nineleaps/airflow/dags/covid_dag.py
[2020-06-04 17:22:33,154] {scheduler_job.py:1284} INFO - Processing covid_dag
[2020-06-04 17:22:33,193] {scheduler_job.py:447} INFO - Skipping SLA check for <DAG: covid_dag> because no tasks in DAG have SLAs
[2020-06-04 17:22:33,199] {scheduler_job.py:162} INFO - Processing /home/nineleaps/airflow/dags/covid_dag.py took 0.211 seconds
[2020-06-04 17:23:27,045] {scheduler_job.py:154} INFO - Started process (PID=21283) to work on /home/nineleaps/airflow/dags/covid_dag.py
[2020-06-04 17:23:27,048] {scheduler_job.py:1562} INFO - Processing file /home/nineleaps/airflow/dags/covid_dag.py for tasks to queue
[2020-06-04 17:23:27,048] {logging_mixin.py:112} INFO - [2020-06-04 17:23:27,048] {dagbag.py:396} INFO - Filling up the DagBag from /home/nineleaps/airflow/dags/covid_dag.py
[2020-06-04 17:23:27,114] {scheduler_job.py:1574} INFO - DAG(s) dict_keys(['covid_dag']) retrieved from /home/nineleaps/airflow/dags/covid_dag.py
[2020-06-04 17:23:27,137] {scheduler_job.py:1284} INFO - Processing covid_dag
[2020-06-04 17:23:27,149] {scheduler_job.py:447} INFO - Skipping SLA check for <DAG: covid_dag> because no tasks in DAG have SLAs
[2020-06-04 17:23:27,151] {scheduler_job.py:162} INFO - Processing /home/nineleaps/airflow/dags/covid_dag.py took 0.106 seconds
[2020-06-04 17:24:21,134] {scheduler_job.py:154} INFO - Started process (PID=21343) to work on /home/nineleaps/airflow/dags/covid_dag.py
[2020-06-04 17:24:21,148] {scheduler_job.py:1562} INFO - Processing file /home/nineleaps/airflow/dags/covid_dag.py for tasks to queue
[2020-06-04 17:24:21,150] {logging_mixin.py:112} INFO - [2020-06-04 17:24:21,150] {dagbag.py:396} INFO - Filling up the DagBag from /home/nineleaps/airflow/dags/covid_dag.py
[2020-06-04 17:24:21,271] {scheduler_job.py:1574} INFO - DAG(s) dict_keys(['covid_dag']) retrieved from /home/nineleaps/airflow/dags/covid_dag.py
[2020-06-04 17:24:21,301] {scheduler_job.py:1284} INFO - Processing covid_dag
[2020-06-04 17:24:21,315] {scheduler_job.py:447} INFO - Skipping SLA check for <DAG: covid_dag> because no tasks in DAG have SLAs
[2020-06-04 17:24:21,318] {scheduler_job.py:162} INFO - Processing /home/nineleaps/airflow/dags/covid_dag.py took 0.184 seconds
[2020-06-04 17:25:15,175] {scheduler_job.py:154} INFO - Started process (PID=21409) to work on /home/nineleaps/airflow/dags/covid_dag.py
[2020-06-04 17:25:15,178] {scheduler_job.py:1562} INFO - Processing file /home/nineleaps/airflow/dags/covid_dag.py for tasks to queue
[2020-06-04 17:25:15,179] {logging_mixin.py:112} INFO - [2020-06-04 17:25:15,179] {dagbag.py:396} INFO - Filling up the DagBag from /home/nineleaps/airflow/dags/covid_dag.py
[2020-06-04 17:25:15,279] {scheduler_job.py:1574} INFO - DAG(s) dict_keys(['covid_dag']) retrieved from /home/nineleaps/airflow/dags/covid_dag.py
[2020-06-04 17:25:15,296] {scheduler_job.py:1284} INFO - Processing covid_dag
[2020-06-04 17:25:15,308] {scheduler_job.py:447} INFO - Skipping SLA check for <DAG: covid_dag> because no tasks in DAG have SLAs
[2020-06-04 17:25:15,311] {scheduler_job.py:162} INFO - Processing /home/nineleaps/airflow/dags/covid_dag.py took 0.136 seconds
[2020-06-04 17:26:09,257] {scheduler_job.py:154} INFO - Started process (PID=21603) to work on /home/nineleaps/airflow/dags/covid_dag.py
[2020-06-04 17:26:09,263] {scheduler_job.py:1562} INFO - Processing file /home/nineleaps/airflow/dags/covid_dag.py for tasks to queue
[2020-06-04 17:26:09,263] {logging_mixin.py:112} INFO - [2020-06-04 17:26:09,263] {dagbag.py:396} INFO - Filling up the DagBag from /home/nineleaps/airflow/dags/covid_dag.py
[2020-06-04 17:26:09,363] {scheduler_job.py:1574} INFO - DAG(s) dict_keys(['covid_dag']) retrieved from /home/nineleaps/airflow/dags/covid_dag.py
[2020-06-04 17:26:09,413] {scheduler_job.py:1284} INFO - Processing covid_dag
[2020-06-04 17:26:09,438] {scheduler_job.py:447} INFO - Skipping SLA check for <DAG: covid_dag> because no tasks in DAG have SLAs
[2020-06-04 17:26:09,442] {scheduler_job.py:162} INFO - Processing /home/nineleaps/airflow/dags/covid_dag.py took 0.185 seconds
[2020-06-04 17:27:03,319] {scheduler_job.py:154} INFO - Started process (PID=21693) to work on /home/nineleaps/airflow/dags/covid_dag.py
[2020-06-04 17:27:03,329] {scheduler_job.py:1562} INFO - Processing file /home/nineleaps/airflow/dags/covid_dag.py for tasks to queue
[2020-06-04 17:27:03,331] {logging_mixin.py:112} INFO - [2020-06-04 17:27:03,330] {dagbag.py:396} INFO - Filling up the DagBag from /home/nineleaps/airflow/dags/covid_dag.py
[2020-06-04 17:27:03,457] {scheduler_job.py:1574} INFO - DAG(s) dict_keys(['covid_dag']) retrieved from /home/nineleaps/airflow/dags/covid_dag.py
[2020-06-04 17:27:03,489] {scheduler_job.py:1284} INFO - Processing covid_dag
[2020-06-04 17:27:03,504] {scheduler_job.py:447} INFO - Skipping SLA check for <DAG: covid_dag> because no tasks in DAG have SLAs
[2020-06-04 17:27:03,506] {scheduler_job.py:162} INFO - Processing /home/nineleaps/airflow/dags/covid_dag.py took 0.187 seconds
[2020-06-04 17:27:57,372] {scheduler_job.py:154} INFO - Started process (PID=21775) to work on /home/nineleaps/airflow/dags/covid_dag.py
[2020-06-04 17:27:57,379] {scheduler_job.py:1562} INFO - Processing file /home/nineleaps/airflow/dags/covid_dag.py for tasks to queue
[2020-06-04 17:27:57,380] {logging_mixin.py:112} INFO - [2020-06-04 17:27:57,380] {dagbag.py:396} INFO - Filling up the DagBag from /home/nineleaps/airflow/dags/covid_dag.py
[2020-06-04 17:27:57,507] {scheduler_job.py:1574} INFO - DAG(s) dict_keys(['covid_dag']) retrieved from /home/nineleaps/airflow/dags/covid_dag.py
[2020-06-04 17:27:57,536] {scheduler_job.py:1284} INFO - Processing covid_dag
[2020-06-04 17:27:57,550] {scheduler_job.py:447} INFO - Skipping SLA check for <DAG: covid_dag> because no tasks in DAG have SLAs
[2020-06-04 17:27:57,553] {scheduler_job.py:162} INFO - Processing /home/nineleaps/airflow/dags/covid_dag.py took 0.181 seconds
[2020-06-04 17:28:51,448] {scheduler_job.py:154} INFO - Started process (PID=21867) to work on /home/nineleaps/airflow/dags/covid_dag.py
[2020-06-04 17:28:51,458] {scheduler_job.py:1562} INFO - Processing file /home/nineleaps/airflow/dags/covid_dag.py for tasks to queue
[2020-06-04 17:28:51,459] {logging_mixin.py:112} INFO - [2020-06-04 17:28:51,459] {dagbag.py:396} INFO - Filling up the DagBag from /home/nineleaps/airflow/dags/covid_dag.py
[2020-06-04 17:28:51,603] {scheduler_job.py:1574} INFO - DAG(s) dict_keys(['covid_dag']) retrieved from /home/nineleaps/airflow/dags/covid_dag.py
[2020-06-04 17:28:51,626] {scheduler_job.py:1284} INFO - Processing covid_dag
[2020-06-04 17:28:51,638] {scheduler_job.py:447} INFO - Skipping SLA check for <DAG: covid_dag> because no tasks in DAG have SLAs
[2020-06-04 17:28:51,641] {scheduler_job.py:162} INFO - Processing /home/nineleaps/airflow/dags/covid_dag.py took 0.193 seconds
[2020-06-04 17:29:56,568] {scheduler_job.py:154} INFO - Started process (PID=22066) to work on /home/nineleaps/airflow/dags/covid_dag.py
[2020-06-04 17:29:56,579] {scheduler_job.py:1562} INFO - Processing file /home/nineleaps/airflow/dags/covid_dag.py for tasks to queue
[2020-06-04 17:29:56,581] {logging_mixin.py:112} INFO - [2020-06-04 17:29:56,580] {dagbag.py:396} INFO - Filling up the DagBag from /home/nineleaps/airflow/dags/covid_dag.py
[2020-06-04 17:29:56,685] {scheduler_job.py:1574} INFO - DAG(s) dict_keys(['covid_dag']) retrieved from /home/nineleaps/airflow/dags/covid_dag.py
[2020-06-04 17:29:56,707] {scheduler_job.py:1284} INFO - Processing covid_dag
[2020-06-04 17:29:56,722] {scheduler_job.py:447} INFO - Skipping SLA check for <DAG: covid_dag> because no tasks in DAG have SLAs
[2020-06-04 17:29:56,725] {scheduler_job.py:162} INFO - Processing /home/nineleaps/airflow/dags/covid_dag.py took 0.157 seconds
[2020-06-04 17:31:01,898] {scheduler_job.py:154} INFO - Started process (PID=22191) to work on /home/nineleaps/airflow/dags/covid_dag.py
[2020-06-04 17:31:01,916] {scheduler_job.py:1562} INFO - Processing file /home/nineleaps/airflow/dags/covid_dag.py for tasks to queue
[2020-06-04 17:31:01,918] {logging_mixin.py:112} INFO - [2020-06-04 17:31:01,918] {dagbag.py:396} INFO - Filling up the DagBag from /home/nineleaps/airflow/dags/covid_dag.py
[2020-06-04 17:31:02,039] {scheduler_job.py:1574} INFO - DAG(s) dict_keys(['covid_dag']) retrieved from /home/nineleaps/airflow/dags/covid_dag.py
[2020-06-04 17:31:02,061] {scheduler_job.py:1284} INFO - Processing covid_dag
[2020-06-04 17:31:02,073] {scheduler_job.py:447} INFO - Skipping SLA check for <DAG: covid_dag> because no tasks in DAG have SLAs
[2020-06-04 17:31:02,076] {scheduler_job.py:162} INFO - Processing /home/nineleaps/airflow/dags/covid_dag.py took 0.178 seconds
[2020-06-04 17:31:55,946] {scheduler_job.py:154} INFO - Started process (PID=22260) to work on /home/nineleaps/airflow/dags/covid_dag.py
[2020-06-04 17:31:55,954] {scheduler_job.py:1562} INFO - Processing file /home/nineleaps/airflow/dags/covid_dag.py for tasks to queue
[2020-06-04 17:31:55,956] {logging_mixin.py:112} INFO - [2020-06-04 17:31:55,955] {dagbag.py:396} INFO - Filling up the DagBag from /home/nineleaps/airflow/dags/covid_dag.py
[2020-06-04 17:31:56,058] {scheduler_job.py:1574} INFO - DAG(s) dict_keys(['covid_dag']) retrieved from /home/nineleaps/airflow/dags/covid_dag.py
[2020-06-04 17:31:56,102] {scheduler_job.py:1284} INFO - Processing covid_dag
[2020-06-04 17:31:56,129] {scheduler_job.py:447} INFO - Skipping SLA check for <DAG: covid_dag> because no tasks in DAG have SLAs
[2020-06-04 17:31:56,133] {scheduler_job.py:162} INFO - Processing /home/nineleaps/airflow/dags/covid_dag.py took 0.187 seconds
[2020-06-04 17:32:49,985] {scheduler_job.py:154} INFO - Started process (PID=22342) to work on /home/nineleaps/airflow/dags/covid_dag.py
[2020-06-04 17:32:49,991] {scheduler_job.py:1562} INFO - Processing file /home/nineleaps/airflow/dags/covid_dag.py for tasks to queue
[2020-06-04 17:32:49,992] {logging_mixin.py:112} INFO - [2020-06-04 17:32:49,991] {dagbag.py:396} INFO - Filling up the DagBag from /home/nineleaps/airflow/dags/covid_dag.py
[2020-06-04 17:32:50,064] {scheduler_job.py:1574} INFO - DAG(s) dict_keys(['covid_dag']) retrieved from /home/nineleaps/airflow/dags/covid_dag.py
[2020-06-04 17:32:50,086] {scheduler_job.py:1284} INFO - Processing covid_dag
[2020-06-04 17:32:50,098] {scheduler_job.py:447} INFO - Skipping SLA check for <DAG: covid_dag> because no tasks in DAG have SLAs
[2020-06-04 17:32:50,101] {scheduler_job.py:162} INFO - Processing /home/nineleaps/airflow/dags/covid_dag.py took 0.116 seconds
[2020-06-04 17:33:44,051] {scheduler_job.py:154} INFO - Started process (PID=22412) to work on /home/nineleaps/airflow/dags/covid_dag.py
[2020-06-04 17:33:44,062] {scheduler_job.py:1562} INFO - Processing file /home/nineleaps/airflow/dags/covid_dag.py for tasks to queue
[2020-06-04 17:33:44,064] {logging_mixin.py:112} INFO - [2020-06-04 17:33:44,063] {dagbag.py:396} INFO - Filling up the DagBag from /home/nineleaps/airflow/dags/covid_dag.py
[2020-06-04 17:33:44,183] {scheduler_job.py:1574} INFO - DAG(s) dict_keys(['covid_dag']) retrieved from /home/nineleaps/airflow/dags/covid_dag.py
[2020-06-04 17:33:44,206] {scheduler_job.py:1284} INFO - Processing covid_dag
[2020-06-04 17:33:44,219] {scheduler_job.py:447} INFO - Skipping SLA check for <DAG: covid_dag> because no tasks in DAG have SLAs
[2020-06-04 17:33:44,222] {scheduler_job.py:162} INFO - Processing /home/nineleaps/airflow/dags/covid_dag.py took 0.171 seconds
[2020-06-04 17:34:49,276] {scheduler_job.py:154} INFO - Started process (PID=22504) to work on /home/nineleaps/airflow/dags/covid_dag.py
[2020-06-04 17:34:49,284] {scheduler_job.py:1562} INFO - Processing file /home/nineleaps/airflow/dags/covid_dag.py for tasks to queue
[2020-06-04 17:34:49,286] {logging_mixin.py:112} INFO - [2020-06-04 17:34:49,285] {dagbag.py:396} INFO - Filling up the DagBag from /home/nineleaps/airflow/dags/covid_dag.py
[2020-06-04 17:34:49,414] {scheduler_job.py:1574} INFO - DAG(s) dict_keys(['covid_dag']) retrieved from /home/nineleaps/airflow/dags/covid_dag.py
[2020-06-04 17:34:49,437] {scheduler_job.py:1284} INFO - Processing covid_dag
[2020-06-04 17:34:49,449] {scheduler_job.py:447} INFO - Skipping SLA check for <DAG: covid_dag> because no tasks in DAG have SLAs
[2020-06-04 17:34:49,451] {scheduler_job.py:162} INFO - Processing /home/nineleaps/airflow/dags/covid_dag.py took 0.176 seconds
[2020-06-04 17:36:04,862] {scheduler_job.py:154} INFO - Started process (PID=22605) to work on /home/nineleaps/airflow/dags/covid_dag.py
[2020-06-04 17:36:04,864] {scheduler_job.py:1562} INFO - Processing file /home/nineleaps/airflow/dags/covid_dag.py for tasks to queue
[2020-06-04 17:36:04,864] {logging_mixin.py:112} INFO - [2020-06-04 17:36:04,864] {dagbag.py:396} INFO - Filling up the DagBag from /home/nineleaps/airflow/dags/covid_dag.py
[2020-06-04 17:36:04,948] {scheduler_job.py:1574} INFO - DAG(s) dict_keys(['covid_dag']) retrieved from /home/nineleaps/airflow/dags/covid_dag.py
[2020-06-04 17:36:04,980] {scheduler_job.py:1284} INFO - Processing covid_dag
[2020-06-04 17:36:04,995] {scheduler_job.py:447} INFO - Skipping SLA check for <DAG: covid_dag> because no tasks in DAG have SLAs
[2020-06-04 17:36:04,998] {scheduler_job.py:162} INFO - Processing /home/nineleaps/airflow/dags/covid_dag.py took 0.136 seconds
[2020-06-04 17:37:20,242] {scheduler_job.py:154} INFO - Started process (PID=22713) to work on /home/nineleaps/airflow/dags/covid_dag.py
[2020-06-04 17:37:20,252] {scheduler_job.py:1562} INFO - Processing file /home/nineleaps/airflow/dags/covid_dag.py for tasks to queue
[2020-06-04 17:37:20,253] {logging_mixin.py:112} INFO - [2020-06-04 17:37:20,253] {dagbag.py:396} INFO - Filling up the DagBag from /home/nineleaps/airflow/dags/covid_dag.py
[2020-06-04 17:37:20,341] {scheduler_job.py:1574} INFO - DAG(s) dict_keys(['covid_dag']) retrieved from /home/nineleaps/airflow/dags/covid_dag.py
[2020-06-04 17:37:20,364] {scheduler_job.py:1284} INFO - Processing covid_dag
[2020-06-04 17:37:20,377] {scheduler_job.py:447} INFO - Skipping SLA check for <DAG: covid_dag> because no tasks in DAG have SLAs
[2020-06-04 17:37:20,380] {scheduler_job.py:162} INFO - Processing /home/nineleaps/airflow/dags/covid_dag.py took 0.138 seconds
